[ 2020-05-08T15:45:14+08:00 ] 127.0.0.1 /admin
INFO: [ app_init ] --START--
INFO: Run Behavior\BuildLiteBehavior [ RunTime:0.000019s ]
INFO: [ app_init ] --END-- [ RunTime:0.000381s ]
INFO: [ app_begin ] --START--
INFO: Run Behavior\ReadHtmlCacheBehavior [ RunTime:0.000644s ]
INFO: [ app_begin ] --END-- [ RunTime:0.000733s ]

[ 2020-05-08T15:45:14+08:00 ] 127.0.0.1 /index.php/Admin/Login/index
INFO: [ app_init ] --START--
INFO: Run Behavior\BuildLiteBehavior [ RunTime:0.000016s ]
INFO: [ app_init ] --END-- [ RunTime:0.000380s ]
INFO: [ app_begin ] --START--
INFO: Run Behavior\ReadHtmlCacheBehavior [ RunTime:0.000601s ]
INFO: [ app_begin ] --END-- [ RunTime:0.000686s ]
INFO: [ view_parse ] --START--
INFO: [ template_filter ] --START--
INFO: Run Behavior\ContentReplaceBehavior [ RunTime:0.000048s ]
INFO: [ template_filter ] --END-- [ RunTime:0.000136s ]
INFO: Run Behavior\ParseTemplateBehavior [ RunTime:0.005535s ]
INFO: [ view_parse ] --END-- [ RunTime:0.005672s ]
INFO: [ view_filter ] --START--
INFO: Run Behavior\WriteHtmlCacheBehavior [ RunTime:0.000395s ]
INFO: [ view_filter ] --END-- [ RunTime:0.000473s ]
INFO: [ app_end ] --START--
INFO: Run Behavior\ShowPageTraceBehavior [ RunTime:0.000572s ]
INFO: [ app_end ] --END-- [ RunTime:0.000652s ]

[ 2020-05-08T15:45:14+08:00 ] 127.0.0.1 /index.php/Admin/login/verify
INFO: [ app_init ] --START--
INFO: Run Behavior\BuildLiteBehavior [ RunTime:0.000021s ]
INFO: [ app_init ] --END-- [ RunTime:0.000492s ]
INFO: [ app_begin ] --START--
INFO: Run Behavior\ReadHtmlCacheBehavior [ RunTime:0.000450s ]
INFO: [ app_begin ] --END-- [ RunTime:0.000564s ]
INFO: [ app_end ] --START--
INFO: Run Behavior\ShowPageTraceBehavior [ RunTime:0.000488s ]
INFO: [ app_end ] --END-- [ RunTime:0.000597s ]

[ 2020-05-08T15:45:29+08:00 ] 127.0.0.1 /index.php/Admin/Index
INFO: [ app_init ] --START--
INFO: Run Behavior\BuildLiteBehavior [ RunTime:0.000018s ]
INFO: [ app_init ] --END-- [ RunTime:0.000294s ]
INFO: [ app_begin ] --START--
INFO: Run Behavior\ReadHtmlCacheBehavior [ RunTime:0.000295s ]
INFO: [ app_begin ] --END-- [ RunTime:0.000383s ]

[ 2020-05-08T15:45:29+08:00 ] 127.0.0.1 /index.php/Admin/Login/index
INFO: [ app_init ] --START--
INFO: Run Behavior\BuildLiteBehavior [ RunTime:0.000018s ]
INFO: [ app_init ] --END-- [ RunTime:0.000289s ]
INFO: [ app_begin ] --START--
INFO: Run Behavior\ReadHtmlCacheBehavior [ RunTime:0.000299s ]
INFO: [ app_begin ] --END-- [ RunTime:0.000387s ]
INFO: [ view_parse ] --START--
INFO: [ template_filter ] --START--
INFO: Run Behavior\ContentReplaceBehavior [ RunTime:0.000073s ]
INFO: [ template_filter ] --END-- [ RunTime:0.000222s ]
INFO: Run Behavior\ParseTemplateBehavior [ RunTime:0.005200s ]
INFO: [ view_parse ] --END-- [ RunTime:0.005292s ]
INFO: [ view_filter ] --START--
INFO: Run Behavior\WriteHtmlCacheBehavior [ RunTime:0.000334s ]
INFO: [ view_filter ] --END-- [ RunTime:0.000418s ]
INFO: [ app_end ] --START--
INFO: Run Behavior\ShowPageTraceBehavior [ RunTime:0.000313s ]
INFO: [ app_end ] --END-- [ RunTime:0.000396s ]

[ 2020-05-08T15:45:29+08:00 ] 127.0.0.1 /index.php/Admin/login/verify
INFO: [ app_init ] --START--
INFO: Run Behavior\BuildLiteBehavior [ RunTime:0.000020s ]
INFO: [ app_init ] --END-- [ RunTime:0.000307s ]
INFO: [ app_begin ] --START--
INFO: Run Behavior\ReadHtmlCacheBehavior [ RunTime:0.000302s ]
INFO: [ app_begin ] --END-- [ RunTime:0.000389s ]
INFO: [ app_end ] --START--
INFO: Run Behavior\ShowPageTraceBehavior [ RunTime:0.000382s ]
INFO: [ app_end ] --END-- [ RunTime:0.000537s ]

[ 2020-05-08T15:47:57+08:00 ] 127.0.0.1 /index.php/Admin/Login/index
INFO: [ app_init ] --START--
INFO: Run Behavior\BuildLiteBehavior [ RunTime:0.000020s ]
INFO: [ app_init ] --END-- [ RunTime:0.000361s ]
INFO: [ app_begin ] --START--
INFO: Run Behavior\ReadHtmlCacheBehavior [ RunTime:0.000449s ]
INFO: [ app_begin ] --END-- [ RunTime:0.000545s ]
INFO: [ view_parse ] --START--
INFO: [ template_filter ] --START--
INFO: Run Behavior\ContentReplaceBehavior [ RunTime:0.000049s ]
INFO: [ template_filter ] --END-- [ RunTime:0.000136s ]
INFO: Run Behavior\ParseTemplateBehavior [ RunTime:0.004242s ]
INFO: [ view_parse ] --END-- [ RunTime:0.004329s ]
INFO: [ view_filter ] --START--
INFO: Run Behavior\WriteHtmlCacheBehavior [ RunTime:0.000238s ]
INFO: [ view_filter ] --END-- [ RunTime:0.000316s ]
INFO: [ app_end ] --START--
INFO: Run Behavior\ShowPageTraceBehavior [ RunTime:0.000361s ]
INFO: [ app_end ] --END-- [ RunTime:0.000442s ]

[ 2020-05-08T15:47:57+08:00 ] 127.0.0.1 /index.php/Admin/login/verify
INFO: [ app_init ] --START--
INFO: Run Behavior\BuildLiteBehavior [ RunTime:0.000018s ]
INFO: [ app_init ] --END-- [ RunTime:0.000301s ]
INFO: [ app_begin ] --START--
INFO: Run Behavior\ReadHtmlCacheBehavior [ RunTime:0.000318s ]
INFO: [ app_begin ] --END-- [ RunTime:0.000426s ]
INFO: [ app_end ] --START--
INFO: Run Behavior\ShowPageTraceBehavior [ RunTime:0.000420s ]
INFO: [ app_end ] --END-- [ RunTime:0.000520s ]

[ 2020-05-08T15:47:58+08:00 ] 127.0.0.1 /index.php/Admin/Login/index
INFO: [ app_init ] --START--
INFO: Run Behavior\BuildLiteBehavior [ RunTime:0.000018s ]
INFO: [ app_init ] --END-- [ RunTime:0.000294s ]
INFO: [ app_begin ] --START--
INFO: Run Behavior\ReadHtmlCacheBehavior [ RunTime:0.000302s ]
INFO: [ app_begin ] --END-- [ RunTime:0.000389s ]
INFO: [ view_parse ] --START--
INFO: [ template_filter ] --START--
INFO: Run Behavior\ContentReplaceBehavior [ RunTime:0.000050s ]
INFO: [ template_filter ] --END-- [ RunTime:0.000136s ]
INFO: Run Behavior\ParseTemplateBehavior [ RunTime:0.004339s ]
INFO: [ view_parse ] --END-- [ RunTime:0.004472s ]
INFO: [ view_filter ] --START--
INFO: Run Behavior\WriteHtmlCacheBehavior [ RunTime:0.000250s ]
INFO: [ view_filter ] --END-- [ RunTime:0.000332s ]
INFO: [ app_end ] --START--
INFO: Run Behavior\ShowPageTraceBehavior [ RunTime:0.000454s ]
INFO: [ app_end ] --END-- [ RunTime:0.000545s ]

[ 2020-05-08T15:47:58+08:00 ] 127.0.0.1 /index.php/Admin/login/verify
INFO: [ app_init ] --START--
INFO: Run Behavior\BuildLiteBehavior [ RunTime:0.000022s ]
INFO: [ app_init ] --END-- [ RunTime:0.000369s ]
INFO: [ app_begin ] --START--
INFO: Run Behavior\ReadHtmlCacheBehavior [ RunTime:0.000586s ]
INFO: [ app_begin ] --END-- [ RunTime:0.000702s ]
INFO: [ app_end ] --START--
INFO: Run Behavior\ShowPageTraceBehavior [ RunTime:0.000324s ]
INFO: [ app_end ] --END-- [ RunTime:0.000414s ]

[ 2020-05-08T15:47:59+08:00 ] 127.0.0.1 /index.php/Admin/Login/index
INFO: [ app_init ] --START--
INFO: Run Behavior\BuildLiteBehavior [ RunTime:0.000018s ]
INFO: [ app_init ] --END-- [ RunTime:0.000285s ]
INFO: [ app_begin ] --START--
INFO: Run Behavior\ReadHtmlCacheBehavior [ RunTime:0.000293s ]
INFO: [ app_begin ] --END-- [ RunTime:0.000380s ]
INFO: [ view_parse ] --START--
INFO: [ template_filter ] --START--
INFO: Run Behavior\ContentReplaceBehavior [ RunTime:0.000052s ]
INFO: [ template_filter ] --END-- [ RunTime:0.000141s ]
INFO: Run Behavior\ParseTemplateBehavior [ RunTime:0.004202s ]
INFO: [ view_parse ] --END-- [ RunTime:0.004291s ]
INFO: [ view_filter ] --START--
INFO: Run Behavior\WriteHtmlCacheBehavior [ RunTime:0.000262s ]
INFO: [ view_filter ] --END-- [ RunTime:0.000345s ]
INFO: [ app_end ] --START--
INFO: Run Behavior\ShowPageTraceBehavior [ RunTime:0.000371s ]
INFO: [ app_end ] --END-- [ RunTime:0.000481s ]

[ 2020-05-08T15:47:59+08:00 ] 127.0.0.1 /index.php/Admin/login/verify
INFO: [ app_init ] --START--
INFO: Run Behavior\BuildLiteBehavior [ RunTime:0.000022s ]
INFO: [ app_init ] --END-- [ RunTime:0.000340s ]
INFO: [ app_begin ] --START--
INFO: Run Behavior\ReadHtmlCacheBehavior [ RunTime:0.000553s ]
INFO: [ app_begin ] --END-- [ RunTime:0.000720s ]
INFO: [ app_end ] --START--
INFO: Run Behavior\ShowPageTraceBehavior [ RunTime:0.000316s ]
INFO: [ app_end ] --END-- [ RunTime:0.000420s ]

[ 2020-05-08T15:47:59+08:00 ] 127.0.0.1 /index.php/Admin/Login/index
INFO: [ app_init ] --START--
INFO: Run Behavior\BuildLiteBehavior [ RunTime:0.000018s ]
INFO: [ app_init ] --END-- [ RunTime:0.000294s ]
INFO: [ app_begin ] --START--
INFO: Run Behavior\ReadHtmlCacheBehavior [ RunTime:0.000296s ]
INFO: [ app_begin ] --END-- [ RunTime:0.000384s ]
INFO: [ view_parse ] --START--
INFO: [ template_filter ] --START--
INFO: Run Behavior\ContentReplaceBehavior [ RunTime:0.000054s ]
INFO: [ template_filter ] --END-- [ RunTime:0.000150s ]
INFO: Run Behavior\ParseTemplateBehavior [ RunTime:0.004268s ]
INFO: [ view_parse ] --END-- [ RunTime:0.004360s ]
INFO: [ view_filter ] --START--
INFO: Run Behavior\WriteHtmlCacheBehavior [ RunTime:0.000233s ]
INFO: [ view_filter ] --END-- [ RunTime:0.000311s ]
INFO: [ app_end ] --START--
INFO: Run Behavior\ShowPageTraceBehavior [ RunTime:0.000309s ]
INFO: [ app_end ] --END-- [ RunTime:0.000391s ]

[ 2020-05-08T15:47:59+08:00 ] 127.0.0.1 /index.php/Admin/login/verify
INFO: [ app_init ] --START--
INFO: Run Behavior\BuildLiteBehavior [ RunTime:0.000020s ]
INFO: [ app_init ] --END-- [ RunTime:0.000365s ]
INFO: [ app_begin ] --START--
INFO: Run Behavior\ReadHtmlCacheBehavior [ RunTime:0.000384s ]
INFO: [ app_begin ] --END-- [ RunTime:0.000536s ]
INFO: [ app_end ] --START--
INFO: Run Behavior\ShowPageTraceBehavior [ RunTime:0.000324s ]
INFO: [ app_end ] --END-- [ RunTime:0.000419s ]

[ 2020-05-08T15:49:45+08:00 ] 127.0.0.1 /index.php/Admin/Index
INFO: [ app_init ] --START--
INFO: Run Behavior\BuildLiteBehavior [ RunTime:0.000019s ]
INFO: [ app_init ] --END-- [ RunTime:0.000305s ]
INFO: [ app_begin ] --START--
INFO: Run Behavior\ReadHtmlCacheBehavior [ RunTime:0.000305s ]
INFO: [ app_begin ] --END-- [ RunTime:0.000397s ]
INFO: [ view_parse ] --START--
INFO: [ template_filter ] --START--
INFO: Run Behavior\ContentReplaceBehavior [ RunTime:0.000054s ]
INFO: [ template_filter ] --END-- [ RunTime:0.000148s ]
INFO: Run Behavior\ParseTemplateBehavior [ RunTime:0.005133s ]
INFO: [ view_parse ] --END-- [ RunTime:0.005229s ]
INFO: [ view_filter ] --START--
INFO: Run Behavior\WriteHtmlCacheBehavior [ RunTime:0.000254s ]
INFO: [ view_filter ] --END-- [ RunTime:0.000337s ]
INFO: [ app_end ] --START--
INFO: Run Behavior\ShowPageTraceBehavior [ RunTime:0.000323s ]
INFO: [ app_end ] --END-- [ RunTime:0.000408s ]

[ 2020-05-08T15:51:00+08:00 ] 127.0.0.1 /index.php/Admin/Index
INFO: [ app_init ] --START--
INFO: Run Behavior\BuildLiteBehavior [ RunTime:0.000020s ]
INFO: [ app_init ] --END-- [ RunTime:0.000332s ]
INFO: [ app_begin ] --START--
INFO: Run Behavior\ReadHtmlCacheBehavior [ RunTime:0.000396s ]
INFO: [ app_begin ] --END-- [ RunTime:0.000483s ]
INFO: [ view_parse ] --START--
INFO: [ template_filter ] --START--
INFO: Run Behavior\ContentReplaceBehavior [ RunTime:0.000092s ]
INFO: [ template_filter ] --END-- [ RunTime:0.000179s ]
INFO: Run Behavior\ParseTemplateBehavior [ RunTime:0.006671s ]
INFO: [ view_parse ] --END-- [ RunTime:0.006767s ]
INFO: [ view_filter ] --START--
INFO: Run Behavior\WriteHtmlCacheBehavior [ RunTime:0.000306s ]
INFO: [ view_filter ] --END-- [ RunTime:0.000385s ]
INFO: [ app_end ] --START--
INFO: Run Behavior\ShowPageTraceBehavior [ RunTime:0.000474s ]
INFO: [ app_end ] --END-- [ RunTime:0.000559s ]

[ 2020-05-08T15:51:46+08:00 ] 127.0.0.1 /index.php/Admin/Index
INFO: [ app_init ] --START--
INFO: Run Behavior\BuildLiteBehavior [ RunTime:0.000019s ]
INFO: [ app_init ] --END-- [ RunTime:0.000328s ]
INFO: [ app_begin ] --START--
INFO: Run Behavior\ReadHtmlCacheBehavior [ RunTime:0.000398s ]
INFO: [ app_begin ] --END-- [ RunTime:0.000485s ]

[ 2020-05-08T15:51:46+08:00 ] 127.0.0.1 /index.php/Admin/Login/index
INFO: [ app_init ] --START--
INFO: Run Behavior\BuildLiteBehavior [ RunTime:0.000018s ]
INFO: [ app_init ] --END-- [ RunTime:0.000293s ]
INFO: [ app_begin ] --START--
INFO: Run Behavior\ReadHtmlCacheBehavior [ RunTime:0.000298s ]
INFO: [ app_begin ] --END-- [ RunTime:0.000386s ]
INFO: [ view_parse ] --START--
INFO: [ template_filter ] --START--
INFO: Run Behavior\ContentReplaceBehavior [ RunTime:0.000052s ]
INFO: [ template_filter ] --END-- [ RunTime:0.000143s ]
INFO: Run Behavior\ParseTemplateBehavior [ RunTime:0.004289s ]
INFO: [ view_parse ] --END-- [ RunTime:0.004375s ]
INFO: [ view_filter ] --START--
INFO: Run Behavior\WriteHtmlCacheBehavior [ RunTime:0.000295s ]
INFO: [ view_filter ] --END-- [ RunTime:0.000378s ]
INFO: [ app_end ] --START--
INFO: Run Behavior\ShowPageTraceBehavior [ RunTime:0.000367s ]
INFO: [ app_end ] --END-- [ RunTime:0.000450s ]

[ 2020-05-08T15:51:46+08:00 ] 127.0.0.1 /index.php/Admin/login/verify
INFO: [ app_init ] --START--
INFO: Run Behavior\BuildLiteBehavior [ RunTime:0.000019s ]
INFO: [ app_init ] --END-- [ RunTime:0.000318s ]
INFO: [ app_begin ] --START--
INFO: Run Behavior\ReadHtmlCacheBehavior [ RunTime:0.000327s ]
INFO: [ app_begin ] --END-- [ RunTime:0.000419s ]
INFO: [ app_end ] --START--
INFO: Run Behavior\ShowPageTraceBehavior [ RunTime:0.000382s ]
INFO: [ app_end ] --END-- [ RunTime:0.000503s ]

[ 2020-05-08T16:02:09+08:00 ] 127.0.0.1 /index.php/Admin/Login/index
INFO: [ app_init ] --START--
INFO: Run Behavior\BuildLiteBehavior [ RunTime:0.000017s ]
INFO: [ app_init ] --END-- [ RunTime:0.000328s ]
INFO: [ app_begin ] --START--
INFO: Run Behavior\ReadHtmlCacheBehavior [ RunTime:0.000441s ]
INFO: [ app_begin ] --END-- [ RunTime:0.000540s ]

[ 2020-05-08T18:36:59+08:00 ] 127.0.0.1 /admin
INFO: [ app_init ] --START--
INFO: Run Behavior\BuildLiteBehavior [ RunTime:0.000059s ]
INFO: [ app_init ] --END-- [ RunTime:0.000998s ]
INFO: [ app_begin ] --START--
INFO: Run Behavior\ReadHtmlCacheBehavior [ RunTime:0.002120s ]
INFO: [ app_begin ] --END-- [ RunTime:0.002438s ]

[ 2020-05-08T18:36:59+08:00 ] 127.0.0.1 /index.php/Admin/Login/index
INFO: [ app_init ] --START--
INFO: Run Behavior\BuildLiteBehavior [ RunTime:0.000040s ]
INFO: [ app_init ] --END-- [ RunTime:0.000736s ]
INFO: [ app_begin ] --START--
INFO: Run Behavior\ReadHtmlCacheBehavior [ RunTime:0.001057s ]
INFO: [ app_begin ] --END-- [ RunTime:0.001242s ]

[ 2020-05-08T18:40:06+08:00 ] 127.0.0.1 /index.php/Admin/Login/index
INFO: [ app_init ] --START--
INFO: Run Behavior\BuildLiteBehavior [ RunTime:0.000029s ]
INFO: [ app_init ] --END-- [ RunTime:0.000533s ]
INFO: [ app_begin ] --START--
INFO: Run Behavior\ReadHtmlCacheBehavior [ RunTime:0.000607s ]
INFO: [ app_begin ] --END-- [ RunTime:0.000743s ]
INFO: [ view_parse ] --START--
INFO: [ template_filter ] --START--
INFO: Run Behavior\ContentReplaceBehavior [ RunTime:0.000119s ]
INFO: [ template_filter ] --END-- [ RunTime:0.000290s ]
INFO: Run Behavior\ParseTemplateBehavior [ RunTime:0.008276s ]
INFO: [ view_parse ] --END-- [ RunTime:0.008423s ]
INFO: [ view_filter ] --START--
INFO: Run Behavior\WriteHtmlCacheBehavior [ RunTime:0.000493s ]
INFO: [ view_filter ] --END-- [ RunTime:0.000617s ]
INFO: [ app_end ] --START--
INFO: Run Behavior\ShowPageTraceBehavior [ RunTime:0.000688s ]
INFO: [ app_end ] --END-- [ RunTime:0.000818s ]

[ 2020-05-08T18:40:06+08:00 ] 127.0.0.1 /index.php/Admin/login/verify
INFO: [ app_init ] --START--
INFO: Run Behavior\BuildLiteBehavior [ RunTime:0.000053s ]
INFO: [ app_init ] --END-- [ RunTime:0.000782s ]
INFO: [ app_begin ] --START--
INFO: Run Behavior\ReadHtmlCacheBehavior [ RunTime:0.000796s ]
INFO: [ app_begin ] --END-- [ RunTime:0.001056s ]
INFO: [ app_end ] --START--
INFO: Run Behavior\ShowPageTraceBehavior [ RunTime:0.001086s ]
INFO: [ app_end ] --END-- [ RunTime:0.001303s ]

[ 2020-05-08T18:40:20+08:00 ] 127.0.0.1 /index.php/Admin/Rbac/addUserHandle
INFO: [ app_init ] --START--
INFO: Run Behavior\BuildLiteBehavior [ RunTime:0.000056s ]
INFO: [ app_init ] --END-- [ RunTime:0.000744s ]
INFO: [ app_begin ] --START--
INFO: Run Behavior\ReadHtmlCacheBehavior [ RunTime:0.000733s ]
INFO: [ app_begin ] --END-- [ RunTime:0.000973s ]

[ 2020-05-08T18:40:20+08:00 ] 127.0.0.1 /index.php/Admin/Login/index
INFO: [ app_init ] --START--
INFO: Run Behavior\BuildLiteBehavior [ RunTime:0.000033s ]
INFO: [ app_init ] --END-- [ RunTime:0.000610s ]
INFO: [ app_begin ] --START--
INFO: Run Behavior\ReadHtmlCacheBehavior [ RunTime:0.000714s ]
INFO: [ app_begin ] --END-- [ RunTime:0.000897s ]
INFO: [ view_parse ] --START--
INFO: [ template_filter ] --START--
INFO: Run Behavior\ContentReplaceBehavior [ RunTime:0.000157s ]
INFO: [ template_filter ] --END-- [ RunTime:0.000442s ]
INFO: Run Behavior\ParseTemplateBehavior [ RunTime:0.012088s ]
INFO: [ view_parse ] --END-- [ RunTime:0.012364s ]
INFO: [ view_filter ] --START--
INFO: Run Behavior\WriteHtmlCacheBehavior [ RunTime:0.000833s ]
INFO: [ view_filter ] --END-- [ RunTime:0.001098s ]
INFO: [ app_end ] --START--
INFO: Run Behavior\ShowPageTraceBehavior [ RunTime:0.001231s ]
INFO: [ app_end ] --END-- [ RunTime:0.001491s ]

[ 2020-05-08T18:40:20+08:00 ] 127.0.0.1 /index.php/Admin/login/verify
INFO: [ app_init ] --START--
INFO: Run Behavior\BuildLiteBehavior [ RunTime:0.000057s ]
INFO: [ app_init ] --END-- [ RunTime:0.000906s ]
INFO: [ app_begin ] --START--
INFO: Run Behavior\ReadHtmlCacheBehavior [ RunTime:0.001352s ]
INFO: [ app_begin ] --END-- [ RunTime:0.001634s ]
INFO: [ app_end ] --START--
INFO: Run Behavior\ShowPageTraceBehavior [ RunTime:0.001401s ]
INFO: [ app_end ] --END-- [ RunTime:0.001732s ]

[ 2020-05-08T18:40:54+08:00 ] 127.0.0.1 /index.php/Admin/Rbac/addUserHandle
INFO: [ app_init ] --START--
INFO: Run Behavior\BuildLiteBehavior [ RunTime:0.000035s ]
INFO: [ app_init ] --END-- [ RunTime:0.000653s ]
INFO: [ app_begin ] --START--
INFO: Run Behavior\ReadHtmlCacheBehavior [ RunTime:0.000960s ]
INFO: [ app_begin ] --END-- [ RunTime:0.001130s ]
SQL: SHOW COLUMNS FROM `hd_user` [ RunTime:0.0037s ]
SQL: INSERT INTO `hd_user` (`username`,`password`,`logintime`,`loginip`) VALUES ('','','1588934454','127.0.0.1') [ RunTime:0.0013s ]
NOTIC: [8] Undefined index: role_id D:\project\love6\wish\Application\Admin\Controller\RbacController.class.php 第 52 行.
NOTIC: [2] Invalid argument supplied for foreach() D:\project\love6\wish\Application\Admin\Controller\RbacController.class.php 第 52 行.
SQL: SHOW COLUMNS FROM `hd_role_user` [ RunTime:0.0019s ]
INFO: [ view_parse ] --START--
INFO: [ template_filter ] --START--
INFO: Run Behavior\ContentReplaceBehavior [ RunTime:0.000091s ]
INFO: [ template_filter ] --END-- [ RunTime:0.000259s ]
INFO: Run Behavior\ParseTemplateBehavior [ RunTime:0.009610s ]
INFO: [ view_parse ] --END-- [ RunTime:0.009793s ]
INFO: [ view_filter ] --START--
INFO: Run Behavior\WriteHtmlCacheBehavior [ RunTime:0.000723s ]
INFO: [ view_filter ] --END-- [ RunTime:0.000888s ]

[ 2020-05-08T18:41:37+08:00 ] 127.0.0.1 /index.php/Admin/Rbac/addUserHandle
INFO: [ app_init ] --START--
INFO: Run Behavior\BuildLiteBehavior [ RunTime:0.000041s ]
INFO: [ app_init ] --END-- [ RunTime:0.000639s ]
INFO: [ app_begin ] --START--
INFO: Run Behavior\ReadHtmlCacheBehavior [ RunTime:0.000783s ]
INFO: [ app_begin ] --END-- [ RunTime:0.001052s ]

[ 2020-05-08T18:56:23+08:00 ] 127.0.0.1 /index.php/Admin/Rbac/addUserHandle
INFO: [ app_init ] --START--
INFO: Run Behavior\BuildLiteBehavior [ RunTime:0.000035s ]
INFO: [ app_init ] --END-- [ RunTime:0.000653s ]
INFO: [ app_begin ] --START--
INFO: Run Behavior\ReadHtmlCacheBehavior [ RunTime:0.001039s ]
INFO: [ app_begin ] --END-- [ RunTime:0.001216s ]
SQL: SHOW COLUMNS FROM `hd_user` [ RunTime:0.0017s ]
ERR: 1062:Duplicate entry '' for key 'username'
 [ SQL语句 ] : INSERT INTO `hd_user` (`username`,`password`,`logintime`,`loginip`) VALUES ('','','1588935383','127.0.0.1')
ERR: 1062:Duplicate entry '' for key 'username'
 [ SQL语句 ] : INSERT INTO `hd_user` (`username`,`password`,`logintime`,`loginip`) VALUES ('','','1588935383','127.0.0.1')

[ 2020-05-08T18:56:47+08:00 ] 127.0.0.1 /index.php/Admin/Rbac/addUserHandle
INFO: [ app_init ] --START--
INFO: Run Behavior\BuildLiteBehavior [ RunTime:0.000039s ]
INFO: [ app_init ] --END-- [ RunTime:0.000680s ]
INFO: [ app_begin ] --START--
INFO: Run Behavior\ReadHtmlCacheBehavior [ RunTime:0.000817s ]
INFO: [ app_begin ] --END-- [ RunTime:0.001014s ]
SQL: SHOW COLUMNS FROM `hd_user` [ RunTime:0.0016s ]
ERR: 1062:Duplicate entry '' for key 'username'
 [ SQL语句 ] : INSERT INTO `hd_user` (`username`,`password`,`logintime`,`loginip`) VALUES ('','','1588935407','127.0.0.1')
ERR: 1062:Duplicate entry '' for key 'username'
 [ SQL语句 ] : INSERT INTO `hd_user` (`username`,`password`,`logintime`,`loginip`) VALUES ('','','1588935407','127.0.0.1')

[ 2020-05-08T18:56:56+08:00 ] 127.0.0.1 /index.php/Admin/Rbac/addUserHandle
INFO: [ app_init ] --START--
INFO: Run Behavior\BuildLiteBehavior [ RunTime:0.000035s ]
INFO: [ app_init ] --END-- [ RunTime:0.000666s ]
INFO: [ app_begin ] --START--
INFO: Run Behavior\ReadHtmlCacheBehavior [ RunTime:0.001151s ]
INFO: [ app_begin ] --END-- [ RunTime:0.001391s ]
SQL: SHOW COLUMNS FROM `hd_user` [ RunTime:0.0014s ]
ERR: 1062:Duplicate entry '' for key 'username'
 [ SQL语句 ] : INSERT INTO `hd_user` (`username`,`password`,`logintime`,`loginip`) VALUES ('','','1588935416','127.0.0.1')
ERR: 1062:Duplicate entry '' for key 'username'
 [ SQL语句 ] : INSERT INTO `hd_user` (`username`,`password`,`logintime`,`loginip`) VALUES ('','','1588935416','127.0.0.1')

[ 2020-05-08T18:56:57+08:00 ] 127.0.0.1 /index.php/Admin/Rbac/addUserHandle
INFO: [ app_init ] --START--
INFO: Run Behavior\BuildLiteBehavior [ RunTime:0.000043s ]
INFO: [ app_init ] --END-- [ RunTime:0.000679s ]
INFO: [ app_begin ] --START--
INFO: Run Behavior\ReadHtmlCacheBehavior [ RunTime:0.000575s ]
INFO: [ app_begin ] --END-- [ RunTime:0.000742s ]
SQL: SHOW COLUMNS FROM `hd_user` [ RunTime:0.0011s ]
ERR: 1062:Duplicate entry '' for key 'username'
 [ SQL语句 ] : INSERT INTO `hd_user` (`username`,`password`,`logintime`,`loginip`) VALUES ('','','1588935417','127.0.0.1')
ERR: 1062:Duplicate entry '' for key 'username'
 [ SQL语句 ] : INSERT INTO `hd_user` (`username`,`password`,`logintime`,`loginip`) VALUES ('','','1588935417','127.0.0.1')

[ 2020-05-08T18:57:05+08:00 ] 127.0.0.1 /index.php/Admin/
INFO: [ app_init ] --START--
INFO: Run Behavior\BuildLiteBehavior [ RunTime:0.000054s ]
INFO: [ app_init ] --END-- [ RunTime:0.000812s ]
INFO: [ app_begin ] --START--
INFO: Run Behavior\ReadHtmlCacheBehavior [ RunTime:0.000657s ]
INFO: [ app_begin ] --END-- [ RunTime:0.000854s ]

[ 2020-05-08T18:57:05+08:00 ] 127.0.0.1 /index.php/Admin/Login/index
INFO: [ app_init ] --START--
INFO: Run Behavior\BuildLiteBehavior [ RunTime:0.000057s ]
INFO: [ app_init ] --END-- [ RunTime:0.000948s ]
INFO: [ app_begin ] --START--
INFO: Run Behavior\ReadHtmlCacheBehavior [ RunTime:0.000906s ]
INFO: [ app_begin ] --END-- [ RunTime:0.001183s ]
INFO: [ view_parse ] --START--
INFO: [ template_filter ] --START--
INFO: Run Behavior\ContentReplaceBehavior [ RunTime:0.000147s ]
INFO: [ template_filter ] --END-- [ RunTime:0.000399s ]
INFO: Run Behavior\ParseTemplateBehavior [ RunTime:0.012437s ]
INFO: [ view_parse ] --END-- [ RunTime:0.012693s ]
INFO: [ view_filter ] --START--
INFO: Run Behavior\WriteHtmlCacheBehavior [ RunTime:0.000741s ]
INFO: [ view_filter ] --END-- [ RunTime:0.000915s ]
INFO: [ app_end ] --START--
INFO: Run Behavior\ShowPageTraceBehavior [ RunTime:0.000904s ]
INFO: [ app_end ] --END-- [ RunTime:0.001091s ]

[ 2020-05-08T18:57:05+08:00 ] 127.0.0.1 /index.php/Admin/login/verify
INFO: [ app_init ] --START--
INFO: Run Behavior\BuildLiteBehavior [ RunTime:0.000060s ]
INFO: [ app_init ] --END-- [ RunTime:0.000938s ]
INFO: [ app_begin ] --START--
INFO: Run Behavior\ReadHtmlCacheBehavior [ RunTime:0.001054s ]
INFO: [ app_begin ] --END-- [ RunTime:0.001376s ]
INFO: [ app_end ] --START--
INFO: Run Behavior\ShowPageTraceBehavior [ RunTime:0.001466s ]
INFO: [ app_end ] --END-- [ RunTime:0.001755s ]

[ 2020-05-08T18:57:18+08:00 ] 127.0.0.1 /index.php/Admin/Login/index
INFO: [ app_init ] --START--
INFO: Run Behavior\BuildLiteBehavior [ RunTime:0.000034s ]
INFO: [ app_init ] --END-- [ RunTime:0.000569s ]
INFO: [ app_begin ] --START--
INFO: Run Behavior\ReadHtmlCacheBehavior [ RunTime:0.000581s ]
INFO: [ app_begin ] --END-- [ RunTime:0.000738s ]
INFO: [ view_parse ] --START--
INFO: [ template_filter ] --START--
INFO: Run Behavior\ContentReplaceBehavior [ RunTime:0.000090s ]
INFO: [ template_filter ] --END-- [ RunTime:0.000260s ]
INFO: Run Behavior\ParseTemplateBehavior [ RunTime:0.008345s ]
INFO: [ view_parse ] --END-- [ RunTime:0.008515s ]
INFO: [ view_filter ] --START--
INFO: Run Behavior\WriteHtmlCacheBehavior [ RunTime:0.000595s ]
INFO: [ view_filter ] --END-- [ RunTime:0.000751s ]
INFO: [ app_end ] --START--
INFO: Run Behavior\ShowPageTraceBehavior [ RunTime:0.000827s ]
INFO: [ app_end ] --END-- [ RunTime:0.000980s ]

[ 2020-05-08T18:57:18+08:00 ] 127.0.0.1 /index.php/Admin/login/verify
INFO: [ app_init ] --START--
INFO: Run Behavior\BuildLiteBehavior [ RunTime:0.000056s ]
INFO: [ app_init ] --END-- [ RunTime:0.000803s ]
INFO: [ app_begin ] --START--
INFO: Run Behavior\ReadHtmlCacheBehavior [ RunTime:0.000867s ]
INFO: [ app_begin ] --END-- [ RunTime:0.001151s ]
INFO: [ app_end ] --START--
INFO: Run Behavior\ShowPageTraceBehavior [ RunTime:0.001454s ]
INFO: [ app_end ] --END-- [ RunTime:0.001757s ]

[ 2020-05-08T18:57:19+08:00 ] 127.0.0.1 /index.php/Admin/Login/index
INFO: [ app_init ] --START--
INFO: Run Behavior\BuildLiteBehavior [ RunTime:0.000034s ]
INFO: [ app_init ] --END-- [ RunTime:0.000545s ]
INFO: [ app_begin ] --START--
INFO: Run Behavior\ReadHtmlCacheBehavior [ RunTime:0.000805s ]
INFO: [ app_begin ] --END-- [ RunTime:0.001006s ]
INFO: [ view_parse ] --START--
INFO: [ template_filter ] --START--
INFO: Run Behavior\ContentReplaceBehavior [ RunTime:0.000091s ]
INFO: [ template_filter ] --END-- [ RunTime:0.000259s ]
INFO: Run Behavior\ParseTemplateBehavior [ RunTime:0.007978s ]
INFO: [ view_parse ] --END-- [ RunTime:0.008155s ]
INFO: [ view_filter ] --START--
INFO: Run Behavior\WriteHtmlCacheBehavior [ RunTime:0.000570s ]
INFO: [ view_filter ] --END-- [ RunTime:0.000728s ]
INFO: [ app_end ] --START--
INFO: Run Behavior\ShowPageTraceBehavior [ RunTime:0.000804s ]
INFO: [ app_end ] --END-- [ RunTime:0.000958s ]

[ 2020-05-08T18:57:19+08:00 ] 127.0.0.1 /index.php/Admin/login/verify
INFO: [ app_init ] --START--
INFO: Run Behavior\BuildLiteBehavior [ RunTime:0.000061s ]
INFO: [ app_init ] --END-- [ RunTime:0.000889s ]
INFO: [ app_begin ] --START--
INFO: Run Behavior\ReadHtmlCacheBehavior [ RunTime:0.000681s ]
INFO: [ app_begin ] --END-- [ RunTime:0.000859s ]
INFO: [ app_end ] --START--
INFO: Run Behavior\ShowPageTraceBehavior [ RunTime:0.001223s ]
INFO: [ app_end ] --END-- [ RunTime:0.001497s ]

[ 2020-05-08T18:57:57+08:00 ] 127.0.0.1 /index.php/Admin/Login/index
INFO: [ app_init ] --START--
INFO: Run Behavior\BuildLiteBehavior [ RunTime:0.000037s ]
INFO: [ app_init ] --END-- [ RunTime:0.000733s ]
INFO: [ app_begin ] --START--
INFO: Run Behavior\ReadHtmlCacheBehavior [ RunTime:0.000614s ]
INFO: [ app_begin ] --END-- [ RunTime:0.000804s ]
INFO: [ view_parse ] --START--
INFO: [ template_filter ] --START--
INFO: Run Behavior\ContentReplaceBehavior [ RunTime:0.000096s ]
INFO: [ template_filter ] --END-- [ RunTime:0.000274s ]
INFO: Run Behavior\ParseTemplateBehavior [ RunTime:0.009094s ]
INFO: [ view_parse ] --END-- [ RunTime:0.009278s ]
INFO: [ view_filter ] --START--
INFO: Run Behavior\WriteHtmlCacheBehavior [ RunTime:0.000616s ]
INFO: [ view_filter ] --END-- [ RunTime:0.000786s ]
INFO: [ app_end ] --START--
INFO: Run Behavior\ShowPageTraceBehavior [ RunTime:0.000938s ]
INFO: [ app_end ] --END-- [ RunTime:0.001167s ]

[ 2020-05-08T18:57:57+08:00 ] 127.0.0.1 /index.php/Admin/login/verify
INFO: [ app_init ] --START--
INFO: Run Behavior\BuildLiteBehavior [ RunTime:0.000063s ]
INFO: [ app_init ] --END-- [ RunTime:0.000933s ]
INFO: [ app_begin ] --START--
INFO: Run Behavior\ReadHtmlCacheBehavior [ RunTime:0.000831s ]
INFO: [ app_begin ] --END-- [ RunTime:0.001099s ]
INFO: [ app_end ] --START--
INFO: Run Behavior\ShowPageTraceBehavior [ RunTime:0.001005s ]
INFO: [ app_end ] --END-- [ RunTime:0.001199s ]

[ 2020-05-08T18:58:15+08:00 ] 127.0.0.1 /index.php/Admin/Login/index
INFO: [ app_init ] --START--
INFO: Run Behavior\BuildLiteBehavior [ RunTime:0.000042s ]
INFO: [ app_init ] --END-- [ RunTime:0.000612s ]
INFO: [ app_begin ] --START--
INFO: Run Behavior\ReadHtmlCacheBehavior [ RunTime:0.000619s ]
INFO: [ app_begin ] --END-- [ RunTime:0.000806s ]
INFO: [ view_parse ] --START--
INFO: [ template_filter ] --START--
INFO: Run Behavior\ContentReplaceBehavior [ RunTime:0.000116s ]
INFO: [ template_filter ] --END-- [ RunTime:0.000361s ]
INFO: Run Behavior\ParseTemplateBehavior [ RunTime:0.009359s ]
INFO: [ view_parse ] --END-- [ RunTime:0.009542s ]
INFO: [ view_filter ] --START--
INFO: Run Behavior\WriteHtmlCacheBehavior [ RunTime:0.000601s ]
INFO: [ view_filter ] --END-- [ RunTime:0.000760s ]
INFO: [ app_end ] --START--
INFO: Run Behavior\ShowPageTraceBehavior [ RunTime:0.000814s ]
INFO: [ app_end ] --END-- [ RunTime:0.000970s ]

[ 2020-05-08T18:58:15+08:00 ] 127.0.0.1 /index.php/Admin/login/verify
INFO: [ app_init ] --START--
INFO: Run Behavior\BuildLiteBehavior [ RunTime:0.000035s ]
INFO: [ app_init ] --END-- [ RunTime:0.000554s ]
INFO: [ app_begin ] --START--
INFO: Run Behavior\ReadHtmlCacheBehavior [ RunTime:0.000904s ]
INFO: [ app_begin ] --END-- [ RunTime:0.001195s ]
INFO: [ app_end ] --START--
INFO: Run Behavior\ShowPageTraceBehavior [ RunTime:0.000944s ]
INFO: [ app_end ] --END-- [ RunTime:0.001133s ]

[ 2020-05-08T18:58:38+08:00 ] 127.0.0.1 /index.php/Admin/Login/login/verify/1588935518719
INFO: [ app_init ] --START--
INFO: Run Behavior\BuildLiteBehavior [ RunTime:0.000033s ]
INFO: [ app_init ] --END-- [ RunTime:0.000534s ]
INFO: [ app_begin ] --START--
INFO: Run Behavior\ReadHtmlCacheBehavior [ RunTime:0.000561s ]
INFO: [ app_begin ] --END-- [ RunTime:0.000728s ]
INFO: [ view_parse ] --START--
INFO: [ template_filter ] --START--
INFO: Run Behavior\ContentReplaceBehavior [ RunTime:0.000099s ]
INFO: [ template_filter ] --END-- [ RunTime:0.000262s ]
INFO: Run Behavior\ParseTemplateBehavior [ RunTime:0.008369s ]
INFO: [ view_parse ] --END-- [ RunTime:0.008538s ]
INFO: [ view_filter ] --START--
INFO: Run Behavior\WriteHtmlCacheBehavior [ RunTime:0.000570s ]
INFO: [ view_filter ] --END-- [ RunTime:0.000727s ]

[ 2020-05-08T18:58:41+08:00 ] 127.0.0.1 /index.php/Admin/Login/index
INFO: [ app_init ] --START--
INFO: Run Behavior\BuildLiteBehavior [ RunTime:0.000053s ]
INFO: [ app_init ] --END-- [ RunTime:0.000801s ]
INFO: [ app_begin ] --START--
INFO: Run Behavior\ReadHtmlCacheBehavior [ RunTime:0.000809s ]
INFO: [ app_begin ] --END-- [ RunTime:0.001081s ]
INFO: [ view_parse ] --START--
INFO: [ template_filter ] --START--
INFO: Run Behavior\ContentReplaceBehavior [ RunTime:0.000090s ]
INFO: [ template_filter ] --END-- [ RunTime:0.000257s ]
INFO: Run Behavior\ParseTemplateBehavior [ RunTime:0.009470s ]
INFO: [ view_parse ] --END-- [ RunTime:0.009686s ]
INFO: [ view_filter ] --START--
INFO: Run Behavior\WriteHtmlCacheBehavior [ RunTime:0.000566s ]
INFO: [ view_filter ] --END-- [ RunTime:0.000719s ]
INFO: [ app_end ] --START--
INFO: Run Behavior\ShowPageTraceBehavior [ RunTime:0.000790s ]
INFO: [ app_end ] --END-- [ RunTime:0.000942s ]

[ 2020-05-08T18:58:41+08:00 ] 127.0.0.1 /index.php/Admin/login/verify
INFO: [ app_init ] --START--
INFO: Run Behavior\BuildLiteBehavior [ RunTime:0.000057s ]
INFO: [ app_init ] --END-- [ RunTime:0.000846s ]
INFO: [ app_begin ] --START--
INFO: Run Behavior\ReadHtmlCacheBehavior [ RunTime:0.000986s ]
INFO: [ app_begin ] --END-- [ RunTime:0.001318s ]
INFO: [ app_end ] --START--
INFO: Run Behavior\ShowPageTraceBehavior [ RunTime:0.001063s ]
INFO: [ app_end ] --END-- [ RunTime:0.001258s ]

[ 2020-05-08T18:58:43+08:00 ] 127.0.0.1 /index.php/Admin/Login/index
INFO: [ app_init ] --START--
INFO: Run Behavior\BuildLiteBehavior [ RunTime:0.000030s ]
INFO: [ app_init ] --END-- [ RunTime:0.000485s ]
INFO: [ app_begin ] --START--
INFO: Run Behavior\ReadHtmlCacheBehavior [ RunTime:0.000497s ]
INFO: [ app_begin ] --END-- [ RunTime:0.000650s ]
INFO: [ view_parse ] --START--
INFO: [ template_filter ] --START--
INFO: Run Behavior\ContentReplaceBehavior [ RunTime:0.000078s ]
INFO: [ template_filter ] --END-- [ RunTime:0.000223s ]
INFO: Run Behavior\ParseTemplateBehavior [ RunTime:0.007470s ]
INFO: [ view_parse ] --END-- [ RunTime:0.007622s ]
INFO: [ view_filter ] --START--
INFO: Run Behavior\WriteHtmlCacheBehavior [ RunTime:0.000496s ]
INFO: [ view_filter ] --END-- [ RunTime:0.000630s ]
INFO: [ app_end ] --START--
INFO: Run Behavior\ShowPageTraceBehavior [ RunTime:0.000756s ]
INFO: [ app_end ] --END-- [ RunTime:0.000888s ]

[ 2020-05-08T18:58:43+08:00 ] 127.0.0.1 /index.php/Admin/login/verify
INFO: [ app_init ] --START--
INFO: Run Behavior\BuildLiteBehavior [ RunTime:0.000042s ]
INFO: [ app_init ] --END-- [ RunTime:0.000653s ]
INFO: [ app_begin ] --START--
INFO: Run Behavior\ReadHtmlCacheBehavior [ RunTime:0.000853s ]
INFO: [ app_begin ] --END-- [ RunTime:0.001114s ]
INFO: [ app_end ] --START--
INFO: Run Behavior\ShowPageTraceBehavior [ RunTime:0.000790s ]
INFO: [ app_end ] --END-- [ RunTime:0.000951s ]

[ 2020-05-08T18:58:44+08:00 ] 127.0.0.1 /index.php/Admin/Login/index
INFO: [ app_init ] --START--
INFO: Run Behavior\BuildLiteBehavior [ RunTime:0.000027s ]
INFO: [ app_init ] --END-- [ RunTime:0.000442s ]
INFO: [ app_begin ] --START--
INFO: Run Behavior\ReadHtmlCacheBehavior [ RunTime:0.000450s ]
INFO: [ app_begin ] --END-- [ RunTime:0.000579s ]
INFO: [ view_parse ] --START--
INFO: [ template_filter ] --START--
INFO: Run Behavior\ContentReplaceBehavior [ RunTime:0.000074s ]
INFO: [ template_filter ] --END-- [ RunTime:0.000207s ]
INFO: Run Behavior\ParseTemplateBehavior [ RunTime:0.007073s ]
INFO: [ view_parse ] --END-- [ RunTime:0.007270s ]
INFO: [ view_filter ] --START--
INFO: Run Behavior\WriteHtmlCacheBehavior [ RunTime:0.000697s ]
INFO: [ view_filter ] --END-- [ RunTime:0.000856s ]
INFO: [ app_end ] --START--
INFO: Run Behavior\ShowPageTraceBehavior [ RunTime:0.000743s ]
INFO: [ app_end ] --END-- [ RunTime:0.000891s ]

[ 2020-05-08T18:58:44+08:00 ] 127.0.0.1 /index.php/Admin/login/verify
INFO: [ app_init ] --START--
INFO: Run Behavior\BuildLiteBehavior [ RunTime:0.000031s ]
INFO: [ app_init ] --END-- [ RunTime:0.000504s ]
INFO: [ app_begin ] --START--
INFO: Run Behavior\ReadHtmlCacheBehavior [ RunTime:0.000770s ]
INFO: [ app_begin ] --END-- [ RunTime:0.000981s ]
INFO: [ app_end ] --START--
INFO: Run Behavior\ShowPageTraceBehavior [ RunTime:0.000764s ]
INFO: [ app_end ] --END-- [ RunTime:0.000914s ]

[ 2020-05-08T18:58:45+08:00 ] 127.0.0.1 /index.php/Admin/Login/index
INFO: [ app_init ] --START--
INFO: Run Behavior\BuildLiteBehavior [ RunTime:0.000033s ]
INFO: [ app_init ] --END-- [ RunTime:0.000539s ]
INFO: [ app_begin ] --START--
INFO: Run Behavior\ReadHtmlCacheBehavior [ RunTime:0.000559s ]
INFO: [ app_begin ] --END-- [ RunTime:0.000719s ]
INFO: [ view_parse ] --START--
INFO: [ template_filter ] --START--
INFO: Run Behavior\ContentReplaceBehavior [ RunTime:0.000085s ]
INFO: [ template_filter ] --END-- [ RunTime:0.000235s ]
INFO: Run Behavior\ParseTemplateBehavior [ RunTime:0.008303s ]
INFO: [ view_parse ] --END-- [ RunTime:0.008462s ]
INFO: [ view_filter ] --START--
INFO: Run Behavior\WriteHtmlCacheBehavior [ RunTime:0.000645s ]
INFO: [ view_filter ] --END-- [ RunTime:0.000814s ]
INFO: [ app_end ] --START--
INFO: Run Behavior\ShowPageTraceBehavior [ RunTime:0.000831s ]
INFO: [ app_end ] --END-- [ RunTime:0.001012s ]

[ 2020-05-08T18:58:45+08:00 ] 127.0.0.1 /index.php/Admin/login/verify
INFO: [ app_init ] --START--
INFO: Run Behavior\BuildLiteBehavior [ RunTime:0.000034s ]
INFO: [ app_init ] --END-- [ RunTime:0.000556s ]
INFO: [ app_begin ] --START--
INFO: Run Behavior\ReadHtmlCacheBehavior [ RunTime:0.000782s ]
INFO: [ app_begin ] --END-- [ RunTime:0.000968s ]
INFO: [ app_end ] --START--
INFO: Run Behavior\ShowPageTraceBehavior [ RunTime:0.001213s ]
INFO: [ app_end ] --END-- [ RunTime:0.001513s ]

[ 2020-05-08T18:58:55+08:00 ] 127.0.0.1 /index.php/Admin/Login/login
INFO: [ app_init ] --START--
INFO: Run Behavior\BuildLiteBehavior [ RunTime:0.000026s ]
INFO: [ app_init ] --END-- [ RunTime:0.000486s ]
INFO: [ app_begin ] --START--
INFO: Run Behavior\ReadHtmlCacheBehavior [ RunTime:0.000538s ]
INFO: [ app_begin ] --END-- [ RunTime:0.000665s ]
SQL: SHOW COLUMNS FROM `hd_user` [ RunTime:0.0015s ]
SQL: SELECT * FROM `hd_user` WHERE `username` = 'admin' LIMIT 1   [ RunTime:0.0005s ]
INFO: [ view_parse ] --START--
INFO: [ template_filter ] --START--
INFO: Run Behavior\ContentReplaceBehavior [ RunTime:0.000071s ]
INFO: [ template_filter ] --END-- [ RunTime:0.000205s ]
INFO: Run Behavior\ParseTemplateBehavior [ RunTime:0.007226s ]
INFO: [ view_parse ] --END-- [ RunTime:0.007391s ]
INFO: [ view_filter ] --START--
INFO: Run Behavior\WriteHtmlCacheBehavior [ RunTime:0.000466s ]
INFO: [ view_filter ] --END-- [ RunTime:0.000579s ]

[ 2020-05-08T18:59:04+08:00 ] 127.0.0.1 /index.php/Admin/Login/index
INFO: [ app_init ] --START--
INFO: Run Behavior\BuildLiteBehavior [ RunTime:0.000025s ]
INFO: [ app_init ] --END-- [ RunTime:0.000456s ]
INFO: [ app_begin ] --START--
INFO: Run Behavior\ReadHtmlCacheBehavior [ RunTime:0.000555s ]
INFO: [ app_begin ] --END-- [ RunTime:0.000679s ]
INFO: [ view_parse ] --START--
INFO: [ template_filter ] --START--
INFO: Run Behavior\ContentReplaceBehavior [ RunTime:0.000070s ]
INFO: [ template_filter ] --END-- [ RunTime:0.000195s ]
INFO: Run Behavior\ParseTemplateBehavior [ RunTime:0.006299s ]
INFO: [ view_parse ] --END-- [ RunTime:0.006451s ]
INFO: [ view_filter ] --START--
INFO: Run Behavior\WriteHtmlCacheBehavior [ RunTime:0.000425s ]
INFO: [ view_filter ] --END-- [ RunTime:0.000542s ]
INFO: [ app_end ] --START--
INFO: Run Behavior\ShowPageTraceBehavior [ RunTime:0.000603s ]
INFO: [ app_end ] --END-- [ RunTime:0.000715s ]

[ 2020-05-08T18:59:04+08:00 ] 127.0.0.1 /index.php/Admin/login/verify
INFO: [ app_init ] --START--
INFO: Run Behavior\BuildLiteBehavior [ RunTime:0.000026s ]
INFO: [ app_init ] --END-- [ RunTime:0.000435s ]
INFO: [ app_begin ] --START--
INFO: Run Behavior\ReadHtmlCacheBehavior [ RunTime:0.000573s ]
INFO: [ app_begin ] --END-- [ RunTime:0.000705s ]
INFO: [ app_end ] --START--
INFO: Run Behavior\ShowPageTraceBehavior [ RunTime:0.000795s ]
INFO: [ app_end ] --END-- [ RunTime:0.000956s ]

[ 2020-05-08T18:59:14+08:00 ] 127.0.0.1 /index.php/Admin/Login/login
INFO: [ app_init ] --START--
INFO: Run Behavior\BuildLiteBehavior [ RunTime:0.000032s ]
INFO: [ app_init ] --END-- [ RunTime:0.000553s ]
INFO: [ app_begin ] --START--
INFO: Run Behavior\ReadHtmlCacheBehavior [ RunTime:0.000490s ]
INFO: [ app_begin ] --END-- [ RunTime:0.000638s ]
SQL: SHOW COLUMNS FROM `hd_user` [ RunTime:0.0011s ]
SQL: SELECT * FROM `hd_user` WHERE `username` = 'admin' LIMIT 1   [ RunTime:0.0003s ]
SQL: UPDATE `hd_user` SET `logintime`='1588935554',`loginip`='127.0.0.1' WHERE `id` = 3 [ RunTime:0.0005s ]

[ 2020-05-08T18:59:14+08:00 ] 127.0.0.1 /index.php/Admin/Index/index
INFO: [ app_init ] --START--
INFO: Run Behavior\BuildLiteBehavior [ RunTime:0.000019s ]
INFO: [ app_init ] --END-- [ RunTime:0.000317s ]
INFO: [ app_begin ] --START--
INFO: Run Behavior\ReadHtmlCacheBehavior [ RunTime:0.000327s ]
INFO: [ app_begin ] --END-- [ RunTime:0.000424s ]

[ 2020-05-08T18:59:31+08:00 ] 127.0.0.1 /index.php/Admin/Index/index
INFO: [ app_init ] --START--
INFO: Run Behavior\BuildLiteBehavior [ RunTime:0.000021s ]
INFO: [ app_init ] --END-- [ RunTime:0.000333s ]
INFO: [ app_begin ] --START--
INFO: Run Behavior\ReadHtmlCacheBehavior [ RunTime:0.000340s ]
INFO: [ app_begin ] --END-- [ RunTime:0.000439s ]
INFO: [ view_parse ] --START--
INFO: [ template_filter ] --START--
INFO: Run Behavior\ContentReplaceBehavior [ RunTime:0.000068s ]
INFO: [ template_filter ] --END-- [ RunTime:0.000186s ]
INFO: Run Behavior\ParseTemplateBehavior [ RunTime:0.006525s ]
INFO: [ view_parse ] --END-- [ RunTime:0.006640s ]
INFO: [ view_filter ] --START--
INFO: Run Behavior\WriteHtmlCacheBehavior [ RunTime:0.000359s ]
INFO: [ view_filter ] --END-- [ RunTime:0.000459s ]
INFO: [ app_end ] --START--
INFO: Run Behavior\ShowPageTraceBehavior [ RunTime:0.000484s ]
INFO: [ app_end ] --END-- [ RunTime:0.000576s ]

[ 2020-05-08T19:00:08+08:00 ] 127.0.0.1 /index.php/Admin/Index/index
INFO: [ app_init ] --START--
INFO: Run Behavior\BuildLiteBehavior [ RunTime:0.000061s ]
INFO: [ app_init ] --END-- [ RunTime:0.000900s ]
INFO: [ app_begin ] --START--
INFO: Run Behavior\ReadHtmlCacheBehavior [ RunTime:0.000817s ]
INFO: [ app_begin ] --END-- [ RunTime:0.001087s ]

