[ 2020-05-23T09:05:46+08:00 ] 127.0.0.1 /index.php/Admin/Login/login
INFO: [ app_init ] --START--
INFO: Run Behavior\BuildLiteBehavior [ RunTime:0.000019s ]
INFO: [ app_init ] --END-- [ RunTime:0.001005s ]
INFO: [ app_begin ] --START--
INFO: Run Behavior\ReadHtmlCacheBehavior [ RunTime:0.000551s ]
INFO: [ app_begin ] --END-- [ RunTime:0.000641s ]
INFO: [ view_parse ] --START--
INFO: [ template_filter ] --START--
INFO: Run Behavior\ContentReplaceBehavior [ RunTime:0.000780s ]
INFO: [ template_filter ] --END-- [ RunTime:0.000872s ]
INFO: Run Behavior\ParseTemplateBehavior [ RunTime:0.006663s ]
INFO: [ view_parse ] --END-- [ RunTime:0.006754s ]
INFO: [ view_filter ] --START--
INFO: Run Behavior\WriteHtmlCacheBehavior [ RunTime:0.000520s ]
INFO: [ view_filter ] --END-- [ RunTime:0.000604s ]

[ 2020-05-23T11:55:39+08:00 ] 127.0.0.1 /index.php/Admin/Login/
INFO: [ app_init ] --START--
INFO: Run Behavior\BuildLiteBehavior [ RunTime:0.000020s ]
INFO: [ app_init ] --END-- [ RunTime:0.000416s ]
INFO: [ app_begin ] --START--
INFO: Run Behavior\ReadHtmlCacheBehavior [ RunTime:0.000615s ]
INFO: [ app_begin ] --END-- [ RunTime:0.000706s ]
INFO: [ view_parse ] --START--
INFO: [ template_filter ] --START--
INFO: Run Behavior\ContentReplaceBehavior [ RunTime:0.000060s ]
INFO: [ template_filter ] --END-- [ RunTime:0.000162s ]
INFO: Run Behavior\ParseTemplateBehavior [ RunTime:0.006447s ]
INFO: [ view_parse ] --END-- [ RunTime:0.006542s ]
INFO: [ view_filter ] --START--
INFO: Run Behavior\WriteHtmlCacheBehavior [ RunTime:0.000455s ]
INFO: [ view_filter ] --END-- [ RunTime:0.000543s ]
INFO: [ app_end ] --START--
INFO: Run Behavior\ShowPageTraceBehavior [ RunTime:0.001155s ]
INFO: [ app_end ] --END-- [ RunTime:0.001247s ]
NOTIC: [2] ini_set(): A session is active. You cannot change the session module's ini settings at this time D:\project\love6\wish\index.php 第 25 行.

[ 2020-05-23T11:55:39+08:00 ] 127.0.0.1 /index.php/Admin/login/verify
INFO: [ app_init ] --START--
INFO: Run Behavior\BuildLiteBehavior [ RunTime:0.000020s ]
INFO: [ app_init ] --END-- [ RunTime:0.000384s ]
INFO: [ app_begin ] --START--
INFO: Run Behavior\ReadHtmlCacheBehavior [ RunTime:0.000536s ]
INFO: [ app_begin ] --END-- [ RunTime:0.000625s ]
INFO: [ app_end ] --START--
INFO: Run Behavior\ShowPageTraceBehavior [ RunTime:0.000620s ]
INFO: [ app_end ] --END-- [ RunTime:0.000736s ]
NOTIC: [2] ini_set(): A session is active. You cannot change the session module's ini settings at this time D:\project\love6\wish\index.php 第 25 行.

[ 2020-05-23T11:55:52+08:00 ] 127.0.0.1 /index.php/Admin/Login/login
INFO: [ app_init ] --START--
INFO: Run Behavior\BuildLiteBehavior [ RunTime:0.000020s ]
INFO: [ app_init ] --END-- [ RunTime:0.000362s ]
INFO: [ app_begin ] --START--
INFO: Run Behavior\ReadHtmlCacheBehavior [ RunTime:0.000434s ]
INFO: [ app_begin ] --END-- [ RunTime:0.000532s ]
SQL: SHOW COLUMNS FROM `hd_user` [ RunTime:0.0020s ]
SQL: SELECT * FROM `hd_user` WHERE `username` = 'admin' LIMIT 1   [ RunTime:0.0004s ]
INFO: [ view_parse ] --START--
INFO: [ template_filter ] --START--
INFO: Run Behavior\ContentReplaceBehavior [ RunTime:0.000052s ]
INFO: [ template_filter ] --END-- [ RunTime:0.000150s ]
INFO: Run Behavior\ParseTemplateBehavior [ RunTime:0.005510s ]
INFO: [ view_parse ] --END-- [ RunTime:0.005604s ]
INFO: [ view_filter ] --START--
INFO: Run Behavior\WriteHtmlCacheBehavior [ RunTime:0.000331s ]
INFO: [ view_filter ] --END-- [ RunTime:0.000417s ]

[ 2020-05-23T11:56:03+08:00 ] 127.0.0.1 /index.php/Admin/Login/login
INFO: [ app_init ] --START--
INFO: Run Behavior\BuildLiteBehavior [ RunTime:0.000021s ]
INFO: [ app_init ] --END-- [ RunTime:0.000342s ]
INFO: [ app_begin ] --START--
INFO: Run Behavior\ReadHtmlCacheBehavior [ RunTime:0.000510s ]
INFO: [ app_begin ] --END-- [ RunTime:0.000598s ]
INFO: [ view_parse ] --START--
INFO: [ template_filter ] --START--
INFO: Run Behavior\ContentReplaceBehavior [ RunTime:0.000047s ]
INFO: [ template_filter ] --END-- [ RunTime:0.000134s ]
INFO: Run Behavior\ParseTemplateBehavior [ RunTime:0.004940s ]
INFO: [ view_parse ] --END-- [ RunTime:0.005029s ]
INFO: [ view_filter ] --START--
INFO: Run Behavior\WriteHtmlCacheBehavior [ RunTime:0.000405s ]
INFO: [ view_filter ] --END-- [ RunTime:0.000485s ]

[ 2020-05-23T11:56:08+08:00 ] 127.0.0.1 /index.php/Admin/Login/
INFO: [ app_init ] --START--
INFO: Run Behavior\BuildLiteBehavior [ RunTime:0.000023s ]
INFO: [ app_init ] --END-- [ RunTime:0.000344s ]
INFO: [ app_begin ] --START--
INFO: Run Behavior\ReadHtmlCacheBehavior [ RunTime:0.000519s ]
INFO: [ app_begin ] --END-- [ RunTime:0.000609s ]
INFO: [ view_parse ] --START--
INFO: [ template_filter ] --START--
INFO: Run Behavior\ContentReplaceBehavior [ RunTime:0.000048s ]
INFO: [ template_filter ] --END-- [ RunTime:0.000139s ]
INFO: Run Behavior\ParseTemplateBehavior [ RunTime:0.005165s ]
INFO: [ view_parse ] --END-- [ RunTime:0.005288s ]
INFO: [ view_filter ] --START--
INFO: Run Behavior\WriteHtmlCacheBehavior [ RunTime:0.000468s ]
INFO: [ view_filter ] --END-- [ RunTime:0.000604s ]
INFO: [ app_end ] --START--
INFO: Run Behavior\ShowPageTraceBehavior [ RunTime:0.000630s ]
INFO: [ app_end ] --END-- [ RunTime:0.000719s ]
NOTIC: [2] ini_set(): A session is active. You cannot change the session module's ini settings at this time D:\project\love6\wish\index.php 第 25 行.

[ 2020-05-23T11:56:08+08:00 ] 127.0.0.1 /index.php/Admin/login/verify
INFO: [ app_init ] --START--
INFO: Run Behavior\BuildLiteBehavior [ RunTime:0.000026s ]
INFO: [ app_init ] --END-- [ RunTime:0.000391s ]
INFO: [ app_begin ] --START--
INFO: Run Behavior\ReadHtmlCacheBehavior [ RunTime:0.000667s ]
INFO: [ app_begin ] --END-- [ RunTime:0.000770s ]
INFO: [ app_end ] --START--
INFO: Run Behavior\ShowPageTraceBehavior [ RunTime:0.000659s ]
INFO: [ app_end ] --END-- [ RunTime:0.000767s ]
NOTIC: [2] ini_set(): A session is active. You cannot change the session module's ini settings at this time D:\project\love6\wish\index.php 第 25 行.

[ 2020-05-23T11:56:16+08:00 ] 127.0.0.1 /index.php/Admin/Login/login
INFO: [ app_init ] --START--
INFO: Run Behavior\BuildLiteBehavior [ RunTime:0.000019s ]
INFO: [ app_init ] --END-- [ RunTime:0.000354s ]
INFO: [ app_begin ] --START--
INFO: Run Behavior\ReadHtmlCacheBehavior [ RunTime:0.000434s ]
INFO: [ app_begin ] --END-- [ RunTime:0.000529s ]
SQL: SHOW COLUMNS FROM `hd_user` [ RunTime:0.0006s ]
SQL: SELECT * FROM `hd_user` WHERE `username` = 'admin' LIMIT 1   [ RunTime:0.0002s ]
SQL: UPDATE `hd_user` SET `logintime`='1590206176',`loginip`='127.0.0.1' WHERE `id` = 3 [ RunTime:0.0003s ]

[ 2020-05-23T11:56:16+08:00 ] 127.0.0.1 /index.php/Admin/Index/index
INFO: [ app_init ] --START--
INFO: Run Behavior\BuildLiteBehavior [ RunTime:0.000019s ]
INFO: [ app_init ] --END-- [ RunTime:0.000354s ]
INFO: [ app_begin ] --START--
INFO: Run Behavior\ReadHtmlCacheBehavior [ RunTime:0.000458s ]
INFO: [ app_begin ] --END-- [ RunTime:0.000556s ]

[ 2020-05-23T11:59:36+08:00 ] 127.0.0.1 /index.php/Admin/Index/index
INFO: [ app_init ] --START--
INFO: Run Behavior\BuildLiteBehavior [ RunTime:0.000020s ]
INFO: [ app_init ] --END-- [ RunTime:0.000336s ]
INFO: [ app_begin ] --START--
INFO: Run Behavior\ReadHtmlCacheBehavior [ RunTime:0.000651s ]
INFO: [ app_begin ] --END-- [ RunTime:0.000762s ]
NOTIC: [8] Undefined index: points D:\project\love6\wish\ThinkPHP\Library\Vendor\Message\Message.php 第 36 行.

[ 2020-05-23T12:04:19+08:00 ] 127.0.0.1 /index.php/Admin/Index/index
INFO: [ app_init ] --START--
INFO: Run Behavior\BuildLiteBehavior [ RunTime:0.000020s ]
INFO: [ app_init ] --END-- [ RunTime:0.000344s ]
INFO: [ app_begin ] --START--
INFO: Run Behavior\ReadHtmlCacheBehavior [ RunTime:0.000543s ]
INFO: [ app_begin ] --END-- [ RunTime:0.000633s ]
NOTIC: [8] Undefined property: Message::$templateId D:\project\love6\wish\ThinkPHP\Library\Vendor\Message\Message.php 第 33 行.
NOTIC: [8] Undefined index: points D:\project\love6\wish\ThinkPHP\Library\Vendor\Message\Message.php 第 38 行.
NOTIC: [8] Undefined property: Message::$apiKey D:\project\love6\wish\ThinkPHP\Library\Vendor\Message\Message.php 第 22 行.
NOTIC: [8] Undefined property: Message::$apiSecret D:\project\love6\wish\ThinkPHP\Library\Vendor\Message\Message.php 第 23 行.

[ 2020-05-23T12:04:20+08:00 ] 127.0.0.1 /index.php/Admin/Index/index
INFO: [ app_init ] --START--
INFO: Run Behavior\BuildLiteBehavior [ RunTime:0.000020s ]
INFO: [ app_init ] --END-- [ RunTime:0.000349s ]
INFO: [ app_begin ] --START--
INFO: Run Behavior\ReadHtmlCacheBehavior [ RunTime:0.000703s ]
INFO: [ app_begin ] --END-- [ RunTime:0.000815s ]
NOTIC: [8] Undefined property: Message::$templateId D:\project\love6\wish\ThinkPHP\Library\Vendor\Message\Message.php 第 33 行.
NOTIC: [8] Undefined index: points D:\project\love6\wish\ThinkPHP\Library\Vendor\Message\Message.php 第 38 行.
NOTIC: [8] Undefined property: Message::$apiKey D:\project\love6\wish\ThinkPHP\Library\Vendor\Message\Message.php 第 22 行.
NOTIC: [8] Undefined property: Message::$apiSecret D:\project\love6\wish\ThinkPHP\Library\Vendor\Message\Message.php 第 23 行.

[ 2020-05-23T12:04:20+08:00 ] 127.0.0.1 /index.php/Admin/Index/index
INFO: [ app_init ] --START--
INFO: Run Behavior\BuildLiteBehavior [ RunTime:0.000020s ]
INFO: [ app_init ] --END-- [ RunTime:0.000339s ]
INFO: [ app_begin ] --START--
INFO: Run Behavior\ReadHtmlCacheBehavior [ RunTime:0.000541s ]
INFO: [ app_begin ] --END-- [ RunTime:0.000629s ]
NOTIC: [8] Undefined property: Message::$templateId D:\project\love6\wish\ThinkPHP\Library\Vendor\Message\Message.php 第 33 行.
NOTIC: [8] Undefined index: points D:\project\love6\wish\ThinkPHP\Library\Vendor\Message\Message.php 第 38 行.
NOTIC: [8] Undefined property: Message::$apiKey D:\project\love6\wish\ThinkPHP\Library\Vendor\Message\Message.php 第 22 行.
NOTIC: [8] Undefined property: Message::$apiSecret D:\project\love6\wish\ThinkPHP\Library\Vendor\Message\Message.php 第 23 行.

[ 2020-05-23T12:04:20+08:00 ] 127.0.0.1 /index.php/Admin/Index/index
INFO: [ app_init ] --START--
INFO: Run Behavior\BuildLiteBehavior [ RunTime:0.000020s ]
INFO: [ app_init ] --END-- [ RunTime:0.000338s ]
INFO: [ app_begin ] --START--
INFO: Run Behavior\ReadHtmlCacheBehavior [ RunTime:0.000541s ]
INFO: [ app_begin ] --END-- [ RunTime:0.000646s ]
NOTIC: [8] Undefined property: Message::$templateId D:\project\love6\wish\ThinkPHP\Library\Vendor\Message\Message.php 第 33 行.
NOTIC: [8] Undefined index: points D:\project\love6\wish\ThinkPHP\Library\Vendor\Message\Message.php 第 38 行.
NOTIC: [8] Undefined property: Message::$apiKey D:\project\love6\wish\ThinkPHP\Library\Vendor\Message\Message.php 第 22 行.
NOTIC: [8] Undefined property: Message::$apiSecret D:\project\love6\wish\ThinkPHP\Library\Vendor\Message\Message.php 第 23 行.

[ 2020-05-23T12:05:39+08:00 ] 127.0.0.1 /index.php/Admin/Index/index
INFO: [ app_init ] --START--
INFO: Run Behavior\BuildLiteBehavior [ RunTime:0.000017s ]
INFO: [ app_init ] --END-- [ RunTime:0.000323s ]
INFO: [ app_begin ] --START--
INFO: Run Behavior\ReadHtmlCacheBehavior [ RunTime:0.000572s ]
INFO: [ app_begin ] --END-- [ RunTime:0.000671s ]
NOTIC: [8] Undefined property: Message::$templateId D:\project\love6\wish\ThinkPHP\Library\Vendor\Message\Message.php 第 33 行.
NOTIC: [8] Undefined index: points D:\project\love6\wish\ThinkPHP\Library\Vendor\Message\Message.php 第 38 行.
NOTIC: [8] Undefined property: Message::$apiKey D:\project\love6\wish\ThinkPHP\Library\Vendor\Message\Message.php 第 22 行.
NOTIC: [8] Undefined property: Message::$apiSecret D:\project\love6\wish\ThinkPHP\Library\Vendor\Message\Message.php 第 23 行.

[ 2020-05-23T12:05:40+08:00 ] 127.0.0.1 /index.php/Admin/Index/index
INFO: [ app_init ] --START--
INFO: Run Behavior\BuildLiteBehavior [ RunTime:0.000021s ]
INFO: [ app_init ] --END-- [ RunTime:0.000416s ]
INFO: [ app_begin ] --START--
INFO: Run Behavior\ReadHtmlCacheBehavior [ RunTime:0.000574s ]
INFO: [ app_begin ] --END-- [ RunTime:0.000667s ]
NOTIC: [8] Undefined property: Message::$templateId D:\project\love6\wish\ThinkPHP\Library\Vendor\Message\Message.php 第 33 行.
NOTIC: [8] Undefined index: points D:\project\love6\wish\ThinkPHP\Library\Vendor\Message\Message.php 第 38 行.
NOTIC: [8] Undefined property: Message::$apiKey D:\project\love6\wish\ThinkPHP\Library\Vendor\Message\Message.php 第 22 行.
NOTIC: [8] Undefined property: Message::$apiSecret D:\project\love6\wish\ThinkPHP\Library\Vendor\Message\Message.php 第 23 行.

[ 2020-05-23T12:05:40+08:00 ] 127.0.0.1 /index.php/Admin/Index/index
INFO: [ app_init ] --START--
INFO: Run Behavior\BuildLiteBehavior [ RunTime:0.000019s ]
INFO: [ app_init ] --END-- [ RunTime:0.000327s ]
INFO: [ app_begin ] --START--
INFO: Run Behavior\ReadHtmlCacheBehavior [ RunTime:0.000581s ]
INFO: [ app_begin ] --END-- [ RunTime:0.000683s ]
NOTIC: [8] Undefined property: Message::$templateId D:\project\love6\wish\ThinkPHP\Library\Vendor\Message\Message.php 第 33 行.
NOTIC: [8] Undefined index: points D:\project\love6\wish\ThinkPHP\Library\Vendor\Message\Message.php 第 38 行.
NOTIC: [8] Undefined property: Message::$apiKey D:\project\love6\wish\ThinkPHP\Library\Vendor\Message\Message.php 第 22 行.
NOTIC: [8] Undefined property: Message::$apiSecret D:\project\love6\wish\ThinkPHP\Library\Vendor\Message\Message.php 第 23 行.

[ 2020-05-23T12:05:41+08:00 ] 127.0.0.1 /index.php/Admin/Index/index
INFO: [ app_init ] --START--
INFO: Run Behavior\BuildLiteBehavior [ RunTime:0.000019s ]
INFO: [ app_init ] --END-- [ RunTime:0.000335s ]
INFO: [ app_begin ] --START--
INFO: Run Behavior\ReadHtmlCacheBehavior [ RunTime:0.000559s ]
INFO: [ app_begin ] --END-- [ RunTime:0.000658s ]
NOTIC: [8] Undefined property: Message::$templateId D:\project\love6\wish\ThinkPHP\Library\Vendor\Message\Message.php 第 33 行.
NOTIC: [8] Undefined index: points D:\project\love6\wish\ThinkPHP\Library\Vendor\Message\Message.php 第 38 行.
NOTIC: [8] Undefined property: Message::$apiKey D:\project\love6\wish\ThinkPHP\Library\Vendor\Message\Message.php 第 22 行.
NOTIC: [8] Undefined property: Message::$apiSecret D:\project\love6\wish\ThinkPHP\Library\Vendor\Message\Message.php 第 23 行.

[ 2020-05-23T12:05:47+08:00 ] 127.0.0.1 /index.php/Admin/Index/index
INFO: [ app_init ] --START--
INFO: Run Behavior\BuildLiteBehavior [ RunTime:0.000019s ]
INFO: [ app_init ] --END-- [ RunTime:0.000369s ]
INFO: [ app_begin ] --START--
INFO: Run Behavior\ReadHtmlCacheBehavior [ RunTime:0.000705s ]
INFO: [ app_begin ] --END-- [ RunTime:0.000822s ]
NOTIC: [8] Undefined property: Message::$templateId D:\project\love6\wish\ThinkPHP\Library\Vendor\Message\Message.php 第 33 行.
NOTIC: [8] Undefined index: points D:\project\love6\wish\ThinkPHP\Library\Vendor\Message\Message.php 第 38 行.
NOTIC: [8] Undefined property: Message::$apiKey D:\project\love6\wish\ThinkPHP\Library\Vendor\Message\Message.php 第 22 行.
NOTIC: [8] Undefined property: Message::$apiSecret D:\project\love6\wish\ThinkPHP\Library\Vendor\Message\Message.php 第 23 行.

[ 2020-05-23T12:06:39+08:00 ] 127.0.0.1 /index.php/Admin/Index/index
INFO: [ app_init ] --START--
INFO: Run Behavior\BuildLiteBehavior [ RunTime:0.000018s ]
INFO: [ app_init ] --END-- [ RunTime:0.000412s ]
INFO: [ app_begin ] --START--
INFO: Run Behavior\ReadHtmlCacheBehavior [ RunTime:0.000805s ]
INFO: [ app_begin ] --END-- [ RunTime:0.000913s ]
NOTIC: [8] Undefined property: Message::$templateId D:\project\love6\wish\ThinkPHP\Library\Vendor\Message\Message.php 第 33 行.
NOTIC: [8] Undefined index: points D:\project\love6\wish\ThinkPHP\Library\Vendor\Message\Message.php 第 38 行.
NOTIC: [8] Undefined property: Message::$apiKey D:\project\love6\wish\ThinkPHP\Library\Vendor\Message\Message.php 第 22 行.
NOTIC: [8] Undefined property: Message::$apiSecret D:\project\love6\wish\ThinkPHP\Library\Vendor\Message\Message.php 第 23 行.

[ 2020-05-23T12:07:12+08:00 ] 127.0.0.1 /index.php/Admin/Index/index
INFO: [ app_init ] --START--
INFO: Run Behavior\BuildLiteBehavior [ RunTime:0.000019s ]
INFO: [ app_init ] --END-- [ RunTime:0.000315s ]
INFO: [ app_begin ] --START--
INFO: Run Behavior\ReadHtmlCacheBehavior [ RunTime:0.000687s ]
INFO: [ app_begin ] --END-- [ RunTime:0.000810s ]
NOTIC: [8] Undefined property: Message::$templateId D:\project\love6\wish\ThinkPHP\Library\Vendor\Message\Message.php 第 33 行.
NOTIC: [8] Undefined index: points D:\project\love6\wish\ThinkPHP\Library\Vendor\Message\Message.php 第 38 行.
NOTIC: [8] Undefined property: Message::$apiKey D:\project\love6\wish\ThinkPHP\Library\Vendor\Message\Message.php 第 22 行.
NOTIC: [8] Undefined property: Message::$apiSecret D:\project\love6\wish\ThinkPHP\Library\Vendor\Message\Message.php 第 23 行.

[ 2020-05-23T12:07:13+08:00 ] 127.0.0.1 /index.php/Admin/Index/index
INFO: [ app_init ] --START--
INFO: Run Behavior\BuildLiteBehavior [ RunTime:0.000018s ]
INFO: [ app_init ] --END-- [ RunTime:0.000320s ]
INFO: [ app_begin ] --START--
INFO: Run Behavior\ReadHtmlCacheBehavior [ RunTime:0.000519s ]
INFO: [ app_begin ] --END-- [ RunTime:0.000614s ]
NOTIC: [8] Undefined property: Message::$templateId D:\project\love6\wish\ThinkPHP\Library\Vendor\Message\Message.php 第 33 行.
NOTIC: [8] Undefined index: points D:\project\love6\wish\ThinkPHP\Library\Vendor\Message\Message.php 第 38 行.
NOTIC: [8] Undefined property: Message::$apiKey D:\project\love6\wish\ThinkPHP\Library\Vendor\Message\Message.php 第 22 行.
NOTIC: [8] Undefined property: Message::$apiSecret D:\project\love6\wish\ThinkPHP\Library\Vendor\Message\Message.php 第 23 行.

[ 2020-05-23T12:07:13+08:00 ] 127.0.0.1 /index.php/Admin/Index/index
INFO: [ app_init ] --START--
INFO: Run Behavior\BuildLiteBehavior [ RunTime:0.000020s ]
INFO: [ app_init ] --END-- [ RunTime:0.000347s ]
INFO: [ app_begin ] --START--
INFO: Run Behavior\ReadHtmlCacheBehavior [ RunTime:0.000527s ]
INFO: [ app_begin ] --END-- [ RunTime:0.000614s ]
NOTIC: [8] Undefined property: Message::$templateId D:\project\love6\wish\ThinkPHP\Library\Vendor\Message\Message.php 第 33 行.
NOTIC: [8] Undefined index: points D:\project\love6\wish\ThinkPHP\Library\Vendor\Message\Message.php 第 38 行.
NOTIC: [8] Undefined property: Message::$apiKey D:\project\love6\wish\ThinkPHP\Library\Vendor\Message\Message.php 第 22 行.
NOTIC: [8] Undefined property: Message::$apiSecret D:\project\love6\wish\ThinkPHP\Library\Vendor\Message\Message.php 第 23 行.

[ 2020-05-23T12:07:14+08:00 ] 127.0.0.1 /index.php/Admin/Index/index
INFO: [ app_init ] --START--
INFO: Run Behavior\BuildLiteBehavior [ RunTime:0.000021s ]
INFO: [ app_init ] --END-- [ RunTime:0.000343s ]
INFO: [ app_begin ] --START--
INFO: Run Behavior\ReadHtmlCacheBehavior [ RunTime:0.000525s ]
INFO: [ app_begin ] --END-- [ RunTime:0.000613s ]
NOTIC: [8] Undefined property: Message::$templateId D:\project\love6\wish\ThinkPHP\Library\Vendor\Message\Message.php 第 33 行.
NOTIC: [8] Undefined index: points D:\project\love6\wish\ThinkPHP\Library\Vendor\Message\Message.php 第 38 行.
NOTIC: [8] Undefined property: Message::$apiKey D:\project\love6\wish\ThinkPHP\Library\Vendor\Message\Message.php 第 22 行.
NOTIC: [8] Undefined property: Message::$apiSecret D:\project\love6\wish\ThinkPHP\Library\Vendor\Message\Message.php 第 23 行.

[ 2020-05-23T12:07:32+08:00 ] 127.0.0.1 /index.php/Admin/Index/index
INFO: [ app_init ] --START--
INFO: Run Behavior\BuildLiteBehavior [ RunTime:0.000018s ]
INFO: [ app_init ] --END-- [ RunTime:0.000356s ]
INFO: [ app_begin ] --START--
INFO: Run Behavior\ReadHtmlCacheBehavior [ RunTime:0.000531s ]
INFO: [ app_begin ] --END-- [ RunTime:0.000618s ]
NOTIC: [8] Undefined property: Message::$templateId D:\project\love6\wish\ThinkPHP\Library\Vendor\Message\Message.php 第 33 行.
NOTIC: [8] Undefined index: points D:\project\love6\wish\ThinkPHP\Library\Vendor\Message\Message.php 第 38 行.
NOTIC: [8] Undefined property: Message::$apiKey D:\project\love6\wish\ThinkPHP\Library\Vendor\Message\Message.php 第 22 行.
NOTIC: [8] Undefined property: Message::$apiSecret D:\project\love6\wish\ThinkPHP\Library\Vendor\Message\Message.php 第 23 行.

[ 2020-05-23T12:07:32+08:00 ] 127.0.0.1 /index.php/Admin/Index/index
INFO: [ app_init ] --START--
INFO: Run Behavior\BuildLiteBehavior [ RunTime:0.000019s ]
INFO: [ app_init ] --END-- [ RunTime:0.000402s ]
INFO: [ app_begin ] --START--
INFO: Run Behavior\ReadHtmlCacheBehavior [ RunTime:0.000561s ]
INFO: [ app_begin ] --END-- [ RunTime:0.000660s ]
NOTIC: [8] Undefined property: Message::$templateId D:\project\love6\wish\ThinkPHP\Library\Vendor\Message\Message.php 第 33 行.
NOTIC: [8] Undefined index: points D:\project\love6\wish\ThinkPHP\Library\Vendor\Message\Message.php 第 38 行.
NOTIC: [8] Undefined property: Message::$apiKey D:\project\love6\wish\ThinkPHP\Library\Vendor\Message\Message.php 第 22 行.
NOTIC: [8] Undefined property: Message::$apiSecret D:\project\love6\wish\ThinkPHP\Library\Vendor\Message\Message.php 第 23 行.

[ 2020-05-23T12:07:33+08:00 ] 127.0.0.1 /index.php/Admin/Index/index
INFO: [ app_init ] --START--
INFO: Run Behavior\BuildLiteBehavior [ RunTime:0.000018s ]
INFO: [ app_init ] --END-- [ RunTime:0.000349s ]
INFO: [ app_begin ] --START--
INFO: Run Behavior\ReadHtmlCacheBehavior [ RunTime:0.000527s ]
INFO: [ app_begin ] --END-- [ RunTime:0.000615s ]
NOTIC: [8] Undefined property: Message::$templateId D:\project\love6\wish\ThinkPHP\Library\Vendor\Message\Message.php 第 33 行.
NOTIC: [8] Undefined index: points D:\project\love6\wish\ThinkPHP\Library\Vendor\Message\Message.php 第 38 行.
NOTIC: [8] Undefined property: Message::$apiKey D:\project\love6\wish\ThinkPHP\Library\Vendor\Message\Message.php 第 22 行.
NOTIC: [8] Undefined property: Message::$apiSecret D:\project\love6\wish\ThinkPHP\Library\Vendor\Message\Message.php 第 23 行.

