[2016-09-29 00:13:00] 顺呼传入参数 -- 房间号:2 医生编码:00137 科室编码:0107020 是否专家:0
顺呼成功SQL：select * from register_assign where dept_code='0107020' and reg_type='普通' and fp_doctor_code='00137' and ((status=5 and is_jz=1) or (status=0 and is_jz=0)) and withdraw_flag='0' and baodao=1 order by noon_flag,wait_no desc,weight asc
---------------------------------------------------------------------------------------------------------------------
[2016-09-29 00:13:00] 抓取患者SQL：select * from register_assign where fp_doctor_code='' and withdraw_flag='0' and  dept_code='0107020' and baodao=1 and reg_type='普通' and ((status=5 and is_jz=1) or (status=0 and is_jz=0)) order by noon_flag,wait_no desc,weight asc limit 1第一1第二0
[2016-09-29 00:13:00] 抓取患者SQL2：update register_assign set room='2',fp_doctor_code='00137',fp_doctor_name='陈芳' where reg_id='0000871854001'
[2016-09-29 00:13:00] 呼叫内容：请内分泌科门诊,18号李登峰,到第6诊室就诊||s02
   ---------------------------------------------------------------------------------------------------------------------
[2016-09-29 00:13:37] 顺呼传入参数 -- 房间号:2 医生编码:00137 科室编码:0107020 是否专家:0
顺呼成功SQL：select * from register_assign where dept_code='0107020' and reg_type='普通' and fp_doctor_code='00137' and ((status=5 and is_jz=1) or (status=0 and is_jz=0)) and withdraw_flag='0' and baodao=1 order by noon_flag,wait_no desc,weight asc
---------------------------------------------------------------------------------------------------------------------
[2016-09-29 00:13:37] 抓取患者SQL：select * from register_assign where fp_doctor_code='' and withdraw_flag='0' and  dept_code='0107020' and baodao=1 and reg_type='普通' and ((status=5 and is_jz=1) or (status=0 and is_jz=0)) order by noon_flag,wait_no desc,weight asc limit 1第一1第二0
[2016-09-29 00:13:37] 呼叫内容：请内分泌科门诊,19号曲范战,到第6诊室就诊||s02
   ---------------------------------------------------------------------------------------------------------------------
[2016-09-29 00:36:43] 登录传入参数 -- 房间号:8 医生编码:80249 科室编码:0301010 是否专家:1
登录成功SQL：insert into client_uid (uid,room_id,ip,login_type,dept,expert,login_time) values ('80249','8','172.168.0.241','医生','0301010','1','2016-09-29 00:36:43')
---------------------------------------------------------------------------------------------------------------------
[2016-09-29 00:36:44] 下线传递参数 - 医生编号：80249 执行SQL：delete from client_uid where uid='80249' and room_id='8' and dept='0301010' and expert=1
---------------------------------------------------------------------------------------------------------------------
[2016-09-29 08:58:01] 登录传入参数 -- 房间号:800 医生编码:80249 科室编码:0301010 是否专家:0
登录成功SQL：insert into client_uid (uid,room_id,ip,login_type,dept,expert,login_time) values ('80249','800','172.168.0.241','医生','0301010','0','2016-09-29 08:58:01')
---------------------------------------------------------------------------------------------------------------------
[2016-09-29 08:58:03] 下线传递参数 - 医生编号：80249 执行SQL：delete from client_uid where uid='80249' and room_id='800' and dept='0301010' and expert=0
---------------------------------------------------------------------------------------------------------------------
[2016-09-29 12:51:29] 登录传入参数 -- 房间号:8 医生编码:80249 科室编码:0301010 是否专家:1
登录成功SQL：insert into client_uid (uid,room_id,ip,login_type,dept,expert,login_time) values ('80249','8','172.168.0.241','医生','0301010','1','2016-09-29 12:51:29')
---------------------------------------------------------------------------------------------------------------------
[2016-09-29 12:51:31] 下线传递参数 - 医生编号：80249 执行SQL：delete from client_uid where uid='80249' and room_id='8' and dept='0301010' and expert=1
---------------------------------------------------------------------------------------------------------------------
