[2016-09-23 16:42:10] 下线传递参数 - 医生编号：01351 执行SQL：delete from client_uid where uid='01351' and room_id='39' and dept='0208010' and expert=1
---------------------------------------------------------------------------------------------------------------------
[2016-09-23 16:43:01] 顺呼传入参数 -- 房间号:17 医生编码:00038 科室编码:0101010 是否专家:0
顺呼成功SQL：select * from register_assign where dept_code='0101010' and reg_type='普通' and fp_doctor_code='00038' and ((status=5 and is_jz=1) or (status=0 and is_jz=0)) and withdraw_flag='0' and baodao=1 order by noon_flag,weight asc
---------------------------------------------------------------------------------------------------------------------
[2016-09-23 16:43:01] 抓取患者SQL：select * from register_assign where fp_doctor_code='' and withdraw_flag='0' and  dept_code='0101010' and baodao=1 and reg_type='普通' order by noon_flag,weight asc limit 2第一2第二0
[2016-09-23 16:43:01] 呼叫内容：请呼吸内科门诊,45号刘海霞,到第25诊室就诊||s01
   ---------------------------------------------------------------------------------------------------------------------
[2016-09-23 16:50:23] 下线传递参数 - 医生编号：00965 执行SQL：delete from client_uid where uid='00965' and room_id='53' and dept='0202061' and expert=0
---------------------------------------------------------------------------------------------------------------------
[2016-09-23 16:50:27] 下线传递参数 - 医生编号：00965 执行SQL：delete from client_uid where uid='00965' and room_id='53' and dept='0209030' and expert=0
---------------------------------------------------------------------------------------------------------------------
[2016-09-23 16:53:21] 下线传递参数 - 医生编号：01230 执行SQL：delete from client_uid where uid='01230' and room_id='57' and dept='0203010' and expert=0
---------------------------------------------------------------------------------------------------------------------
[2016-09-23 16:54:18] 下线传递参数 - 医生编号：00235 执行SQL：delete from client_uid where uid='00235' and room_id='58' and dept='0203010' and expert=0
---------------------------------------------------------------------------------------------------------------------
[2016-09-23 16:57:47] 登录传入参数 -- 房间号:17 医生编码:00038 科室编码:0101010 是否专家:0
登录成功SQL：update client_uid set room_id='17',ip='172.168.111.91',dept='0101010',login_time='2016-09-23 16:57:47' where uid='00038'
---------------------------------------------------------------------------------------------------------------------
[2016-09-23 16:57:53] 下线传递参数 - 医生编号：00038 执行SQL：delete from client_uid where uid='00038' and room_id='17' and dept='0101010' and expert=0
---------------------------------------------------------------------------------------------------------------------
