[2016-09-05 18:18:00] 
请求患者列表参数-- 医生编号:01908 科室编号:0102010 是否专家:0
 执行SQL：6
 -------------------------------------------------------------------------------------------------------------------
[2016-09-05 18:18:20] 
请求患者列表参数-- 医生编号:00139 科室编号:0103010 是否专家:0
 执行SQL：3
 -------------------------------------------------------------------------------------------------------------------
[2016-09-05 18:20:24] 
请求患者列表参数-- 医生编号:00139 科室编号:0103010 是否专家:0
 执行SQL：3
 -------------------------------------------------------------------------------------------------------------------
[2016-09-05 18:21:42] 
请求患者列表参数-- 医生编号:00139 科室编号:0103010 是否专家:0
 执行SQL：2
 -------------------------------------------------------------------------------------------------------------------
[2016-09-05 18:21:46] 
请求患者列表参数-- 医生编号:00139 科室编号:0103010 是否专家:0
 执行SQL：2
 -------------------------------------------------------------------------------------------------------------------
[2016-09-05 18:27:02] 
请求患者列表参数-- 医生编号:00139 科室编号:0103010 是否专家:1
 执行SQL：3
 -------------------------------------------------------------------------------------------------------------------
[2016-09-05 18:27:04] 
请求患者列表参数-- 医生编号:00139 科室编号:0103010 是否专家:1
 执行SQL：3
 -------------------------------------------------------------------------------------------------------------------
[2016-09-05 18:27:39] 
请求患者列表参数-- 医生编号:00139 科室编号:0103010 是否专家:0
 执行SQL：2
 -------------------------------------------------------------------------------------------------------------------
[2016-09-05 18:27:43] 
请求患者列表参数-- 医生编号:00139 科室编号:0103010 是否专家:0
 执行SQL：2
 -------------------------------------------------------------------------------------------------------------------
[2016-09-05 18:28:21] 
请求患者列表参数-- 医生编号:00139 科室编号:0103010 是否专家:0
 执行SQL：2
 -------------------------------------------------------------------------------------------------------------------
[2016-09-05 18:29:12] 
请求患者列表参数-- 医生编号:99999 科室编号:0101010 是否专家:0
 执行SQL：2
 -------------------------------------------------------------------------------------------------------------------
[2016-09-05 18:29:14] 
请求患者列表参数-- 医生编号:99999 科室编号:0101010 是否专家:0
 执行SQL：2
 -------------------------------------------------------------------------------------------------------------------
[2016-09-05 18:29:17] 
请求患者列表参数-- 医生编号:01908 科室编号:0102010 是否专家:0
 执行SQL：6
 -------------------------------------------------------------------------------------------------------------------
[2016-09-05 18:29:47] 
请求患者列表参数-- 医生编号:00139 科室编号:0103010 是否专家:0
 执行SQL：2
 -------------------------------------------------------------------------------------------------------------------
[2016-09-05 18:29:48] 
请求患者列表参数-- 医生编号:00139 科室编号:0103010 是否专家:0
 执行SQL：2
 -------------------------------------------------------------------------------------------------------------------
[2016-09-05 18:29:51] 
请求患者列表参数-- 医生编号:99999 科室编号:0101010 是否专家:0
 执行SQL：2
 -------------------------------------------------------------------------------------------------------------------
[2016-09-05 18:30:10] 顺呼传入参数 -- 房间号:8 医生编码:99999 科室编码:0101010 是否专家:0
顺呼成功SQL：select * from register_assign where dept_code='0101010' and reg_type='普通' and fp_doctor_code='99999' and ((status=5 and is_jz=1) or (status=0 and is_jz=0)) and withdraw_flag='0' and baodao=1 order by weight asc
---------------------------------------------------------------------------------------------------------------------
[2016-09-05 18:30:10] 呼叫内容：请呼吸内科门诊2号患者温帅到第16诊室就诊||s01
   ---------------------------------------------------------------------------------------------------------------------
[2016-09-05 18:30:55] 
请求患者列表参数-- 医生编号:01908 科室编号:0102010 是否专家:0
 执行SQL：6
 -------------------------------------------------------------------------------------------------------------------
[2016-09-05 18:30:58] 
请求患者列表参数-- 医生编号:01908 科室编号:0102010 是否专家:0
 执行SQL：6
 -------------------------------------------------------------------------------------------------------------------
[2016-09-05 18:31:00] 
请求患者列表参数-- 医生编号:01908 科室编号:0102010 是否专家:0
 执行SQL：6
 -------------------------------------------------------------------------------------------------------------------
[2016-09-05 18:31:01] 
请求患者列表参数-- 医生编号:01908 科室编号:0102010 是否专家:0
 执行SQL：6
 -------------------------------------------------------------------------------------------------------------------
[2016-09-05 18:31:08] 顺呼传入参数 -- 房间号:8 医生编码:01908 科室编码:0102010 是否专家:0
顺呼成功SQL：select * from register_assign where dept_code='0102010' and reg_type='普通' and fp_doctor_code='01908' and ((status=5 and is_jz=1) or (status=0 and is_jz=0)) and withdraw_flag='0' and baodao=1 order by weight asc
---------------------------------------------------------------------------------------------------------------------
[2016-09-05 18:31:08] 呼叫内容：请消化内科门诊5号患者高印川到第16诊室就诊||s01
   ---------------------------------------------------------------------------------------------------------------------
[2016-09-05 18:31:11] 
请求患者列表参数-- 医生编号:01908 科室编号:0102010 是否专家:0
 执行SQL：6
 -------------------------------------------------------------------------------------------------------------------
[2016-09-05 18:31:14] 
请求患者列表参数-- 医生编号:99999 科室编号:0101010 是否专家:0
 执行SQL：2
 -------------------------------------------------------------------------------------------------------------------
[2016-09-05 18:31:23] 
请求患者列表参数-- 医生编号:99999 科室编号:0101010 是否专家:0
 执行SQL：2
 -------------------------------------------------------------------------------------------------------------------
[2016-09-05 18:31:33] 
请求患者列表参数-- 医生编号:01908 科室编号:0102010 是否专家:0
 执行SQL：5
 -------------------------------------------------------------------------------------------------------------------
[2016-09-05 18:31:36] 
请求患者列表参数-- 医生编号:01908 科室编号:0102010 是否专家:0
 执行SQL：5
 -------------------------------------------------------------------------------------------------------------------
[2016-09-05 18:31:59] 顺呼传入参数 -- 房间号:8 医生编码:99999 科室编码:0101010 是否专家:0
顺呼成功SQL：select * from register_assign where dept_code='0101010' and reg_type='普通' and fp_doctor_code='99999' and ((status=5 and is_jz=1) or (status=0 and is_jz=0)) and withdraw_flag='0' and baodao=1 order by weight asc
---------------------------------------------------------------------------------------------------------------------
[2016-09-05 18:31:59] 呼叫内容：请呼吸内科门诊3号患者郭彩云到第16诊室就诊||s01
   ---------------------------------------------------------------------------------------------------------------------
[2016-09-05 18:32:02] 
请求患者列表参数-- 医生编号:99999 科室编号:0101010 是否专家:0
 执行SQL：2
 -------------------------------------------------------------------------------------------------------------------
[2016-09-05 18:36:04] 顺呼传入参数 -- 房间号:10 医生编码:00045 科室编码:0102010 是否专家:0
顺呼成功SQL：select * from register_assign where dept_code='0102010' and reg_type='普通' and fp_doctor_code='00045' and ((status=5 and is_jz=1) or (status=0 and is_jz=0)) and withdraw_flag='0' and baodao=1 order by weight asc
---------------------------------------------------------------------------------------------------------------------
[2016-09-05 18:36:04] 呼叫内容：请消化内科门诊6号患者朱天海到第20诊室就诊||s01
   ---------------------------------------------------------------------------------------------------------------------
[2016-09-05 18:36:07] 
请求患者列表参数-- 医生编号:00045 科室编号:0102010 是否专家:0
 执行SQL：6
 -------------------------------------------------------------------------------------------------------------------
[2016-09-05 18:36:21] 顺呼传入参数 -- 房间号:10 医生编码:00045 科室编码:0102012 是否专家:0
顺呼成功SQL：select * from register_assign where dept_code='0102012' and reg_type='普通' and fp_doctor_code='00045' and ((status=5 and is_jz=1) or (status=0 and is_jz=0)) and withdraw_flag='0' and baodao=1 order by weight asc
---------------------------------------------------------------------------------------------------------------------
[2016-09-05 18:36:21] 呼叫内容：请脂肪肝门诊2号患者刘潇到第20诊室就诊||s01
   ---------------------------------------------------------------------------------------------------------------------
[2016-09-05 18:36:25] 
请求患者列表参数-- 医生编号:00045 科室编号:0102012 是否专家:0
 执行SQL：4
 -------------------------------------------------------------------------------------------------------------------
[2016-09-05 18:36:29] 顺呼传入参数 -- 房间号:10 医生编码:00045 科室编码:0102010 是否专家:0
顺呼成功SQL：select * from register_assign where dept_code='0102010' and reg_type='普通' and fp_doctor_code='00045' and ((status=5 and is_jz=1) or (status=0 and is_jz=0)) and withdraw_flag='0' and baodao=1 order by weight asc
---------------------------------------------------------------------------------------------------------------------
[2016-09-05 18:36:29] 呼叫内容：请消化内科门诊7号患者朱天海到第20诊室就诊||s01
   ---------------------------------------------------------------------------------------------------------------------
[2016-09-05 18:36:32] 
请求患者列表参数-- 医生编号:00045 科室编号:0102010 是否专家:0
 执行SQL：6
 -------------------------------------------------------------------------------------------------------------------
[2016-09-05 18:36:45] 顺呼传入参数 -- 房间号:10 医生编码:00045 科室编码:0102010 是否专家:0
顺呼成功SQL：select * from register_assign where dept_code='0102010' and reg_type='普通' and fp_doctor_code='00045' and ((status=5 and is_jz=1) or (status=0 and is_jz=0)) and withdraw_flag='0' and baodao=1 order by weight asc
---------------------------------------------------------------------------------------------------------------------
[2016-09-05 18:36:45] 
请求患者列表参数-- 医生编号:00045 科室编号:0102010 是否专家:0
 执行SQL：6
 -------------------------------------------------------------------------------------------------------------------
[2016-09-05 18:36:55] 顺呼传入参数 -- 房间号:10 医生编码:00045 科室编码:0102010 是否专家:0
顺呼成功SQL：select * from register_assign where dept_code='0102010' and reg_type='普通' and fp_doctor_code='00045' and ((status=5 and is_jz=1) or (status=0 and is_jz=0)) and withdraw_flag='0' and baodao=1 order by weight asc
---------------------------------------------------------------------------------------------------------------------
[2016-09-05 18:36:56] 
请求患者列表参数-- 医生编号:00045 科室编号:0102010 是否专家:0
 执行SQL：6
 -------------------------------------------------------------------------------------------------------------------
[2016-09-05 18:37:04] 顺呼传入参数 -- 房间号:10 医生编码:00045 科室编码:0102010 是否专家:0
顺呼成功SQL：select * from register_assign where dept_code='0102010' and reg_type='普通' and fp_doctor_code='00045' and ((status=5 and is_jz=1) or (status=0 and is_jz=0)) and withdraw_flag='0' and baodao=1 order by weight asc
---------------------------------------------------------------------------------------------------------------------
[2016-09-05 18:37:05] 
请求患者列表参数-- 医生编号:00045 科室编号:0102010 是否专家:0
 执行SQL：6
 -------------------------------------------------------------------------------------------------------------------
[2016-09-05 18:37:34] 顺呼传入参数 -- 房间号:8 医生编码:99999 科室编码:0101010 是否专家:0
顺呼成功SQL：select * from register_assign where dept_code='0101010' and reg_type='普通' and fp_doctor_code='99999' and ((status=5 and is_jz=1) or (status=0 and is_jz=0)) and withdraw_flag='0' and baodao=1 order by weight asc
---------------------------------------------------------------------------------------------------------------------
[2016-09-05 18:37:34] 呼叫内容：请呼吸内科门诊2号患者温帅到第16诊室就诊||s01
   ---------------------------------------------------------------------------------------------------------------------
[2016-09-05 18:37:36] 顺呼传入参数 -- 房间号:8 医生编码:01908 科室编码:0102010 是否专家:0
顺呼成功SQL：select * from register_assign where dept_code='0102010' and reg_type='普通' and fp_doctor_code='01908' and ((status=5 and is_jz=1) or (status=0 and is_jz=0)) and withdraw_flag='0' and baodao=1 order by weight asc
---------------------------------------------------------------------------------------------------------------------
[2016-09-05 18:37:36] 呼叫内容：请消化内科门诊8号患者温帅到第16诊室就诊||s01
   ---------------------------------------------------------------------------------------------------------------------
[2016-09-05 18:37:37] 
请求患者列表参数-- 医生编号:99999 科室编号:0101010 是否专家:0
 执行SQL：2
 -------------------------------------------------------------------------------------------------------------------
[2016-09-05 18:37:37] 
请求患者列表参数-- 医生编号:01908 科室编号:0102010 是否专家:0
 执行SQL：6
 -------------------------------------------------------------------------------------------------------------------
[2016-09-05 18:41:09] 顺呼传入参数 -- 房间号:8 医生编码:01908 科室编码:0102010 是否专家:0
顺呼成功SQL：select * from register_assign where dept_code='0102010' and reg_type='普通' and fp_doctor_code='01908' and ((status=5 and is_jz=1) or (status=0 and is_jz=0)) and withdraw_flag='0' and baodao=1 order by weight asc
---------------------------------------------------------------------------------------------------------------------
[2016-09-05 18:41:09] 呼叫内容：请消化内科门诊4号患者董新亮到第16诊室就诊||s01
   ---------------------------------------------------------------------------------------------------------------------
[2016-09-05 18:41:13] 
请求患者列表参数-- 医生编号:01908 科室编号:0102010 是否专家:0
 执行SQL：6
 -------------------------------------------------------------------------------------------------------------------
