[ 2020-03-31T14:44:33+08:00 ] 127.0.0.1 /favicon.ico
INFO: [ app_init ] --START--
INFO: Run Behavior\BuildLiteBehavior [ RunTime:0.000014s ]
INFO: [ app_init ] --END-- [ RunTime:0.000077s ]
ERR: 无法加载模块:Favicon

[ 2020-03-31T14:53:58+08:00 ] 127.0.0.1 /favicon.ico
INFO: [ app_init ] --START--
INFO: Run Behavior\BuildLiteBehavior [ RunTime:0.000014s ]
INFO: [ app_init ] --END-- [ RunTime:0.000078s ]
ERR: 无法加载模块:Favicon

[ 2020-03-31T15:00:27+08:00 ] 127.0.0.1 /favicon.ico
INFO: [ app_init ] --START--
INFO: Run Behavior\BuildLiteBehavior [ RunTime:0.000020s ]
INFO: [ app_init ] --END-- [ RunTime:0.000106s ]
ERR: 无法加载模块:Favicon

[ 2020-03-31T15:08:00+08:00 ] 127.0.0.1 /Public/Js/jquery-1.7.2.min.js
INFO: [ app_init ] --START--
INFO: Run Behavior\BuildLiteBehavior [ RunTime:0.000011s ]
INFO: [ app_init ] --END-- [ RunTime:0.000068s ]
ERR: 无法加载模块:Public

[ 2020-03-31T15:09:14+08:00 ] 127.0.0.1 /Public/Js/jquery-1.7.2.min.js
INFO: [ app_init ] --START--
INFO: Run Behavior\BuildLiteBehavior [ RunTime:0.000012s ]
INFO: [ app_init ] --END-- [ RunTime:0.000067s ]
ERR: 无法加载模块:Public

[ 2020-03-31T15:09:43+08:00 ] 127.0.0.1 /Public/Js/jquery-1.7.2.min.js
INFO: [ app_init ] --START--
INFO: Run Behavior\BuildLiteBehavior [ RunTime:0.000012s ]
INFO: [ app_init ] --END-- [ RunTime:0.000069s ]
ERR: 无法加载模块:Public

[ 2020-03-31T15:09:45+08:00 ] 127.0.0.1 /Public/Js/jquery-1.7.2.min.js
INFO: [ app_init ] --START--
INFO: Run Behavior\BuildLiteBehavior [ RunTime:0.000012s ]
INFO: [ app_init ] --END-- [ RunTime:0.000067s ]
ERR: 无法加载模块:Public

[ 2020-03-31T15:13:08+08:00 ] 127.0.0.1 /Public/Js/jquery-1.7.2.min.js
INFO: [ app_init ] --START--
INFO: Run Behavior\BuildLiteBehavior [ RunTime:0.000011s ]
INFO: [ app_init ] --END-- [ RunTime:0.000066s ]
ERR: 无法加载模块:Public

[ 2020-03-31T15:13:52+08:00 ] 127.0.0.1 /Public/Js/jquery-1.7.2.min.js
INFO: [ app_init ] --START--
INFO: Run Behavior\BuildLiteBehavior [ RunTime:0.000011s ]
INFO: [ app_init ] --END-- [ RunTime:0.000069s ]
ERR: 无法加载模块:Public

[ 2020-03-31T15:14:11+08:00 ] 127.0.0.1 /Public/Js/jquery-1.7.2.min.js
INFO: [ app_init ] --START--
INFO: Run Behavior\BuildLiteBehavior [ RunTime:0.000012s ]
INFO: [ app_init ] --END-- [ RunTime:0.000069s ]
ERR: 无法加载模块:Public

[ 2020-03-31T15:16:24+08:00 ] 127.0.0.1 /Public/Js/jquery-1.7.2.min.js
INFO: [ app_init ] --START--
INFO: Run Behavior\BuildLiteBehavior [ RunTime:0.000011s ]
INFO: [ app_init ] --END-- [ RunTime:0.000068s ]
ERR: 无法加载模块:Public

[ 2020-03-31T15:18:33+08:00 ] 127.0.0.1 /Public/Js/jquery-1.7.2.min.js
INFO: [ app_init ] --START--
INFO: Run Behavior\BuildLiteBehavior [ RunTime:0.000012s ]
INFO: [ app_init ] --END-- [ RunTime:0.000070s ]
ERR: 无法加载模块:Public

[ 2020-03-31T15:18:48+08:00 ] 127.0.0.1 /Public/Js/jquery-1.7.2.min.js
INFO: [ app_init ] --START--
INFO: Run Behavior\BuildLiteBehavior [ RunTime:0.000011s ]
INFO: [ app_init ] --END-- [ RunTime:0.000069s ]
ERR: 无法加载模块:Public

[ 2020-03-31T15:19:00+08:00 ] 127.0.0.1 /Public/Js/jquery-1.7.2.min.js
INFO: [ app_init ] --START--
INFO: Run Behavior\BuildLiteBehavior [ RunTime:0.000024s ]
INFO: [ app_init ] --END-- [ RunTime:0.000090s ]
ERR: 无法加载模块:Public

[ 2020-03-31T15:21:13+08:00 ] 127.0.0.1 /Public/Js/jquery-1.7.2.min.js
INFO: [ app_init ] --START--
INFO: Run Behavior\BuildLiteBehavior [ RunTime:0.000011s ]
INFO: [ app_init ] --END-- [ RunTime:0.000069s ]
ERR: 无法加载模块:Public

[ 2020-03-31T15:21:14+08:00 ] 127.0.0.1 /Public/Js/jquery-1.7.2.min.js
INFO: [ app_init ] --START--
INFO: Run Behavior\BuildLiteBehavior [ RunTime:0.000012s ]
INFO: [ app_init ] --END-- [ RunTime:0.000070s ]
ERR: 无法加载模块:Public

[ 2020-03-31T15:28:04+08:00 ] 127.0.0.1 /Public/Js/jquery-1.7.2.min.js
INFO: [ app_init ] --START--
INFO: Run Behavior\BuildLiteBehavior [ RunTime:0.000011s ]
INFO: [ app_init ] --END-- [ RunTime:0.000069s ]
ERR: 无法加载模块:Public

[ 2020-03-31T15:32:35+08:00 ] 127.0.0.1 /Public/Js/jquery-1.7.2.min.js
INFO: [ app_init ] --START--
INFO: Run Behavior\BuildLiteBehavior [ RunTime:0.000011s ]
INFO: [ app_init ] --END-- [ RunTime:0.000067s ]
ERR: 无法加载模块:Public

[ 2020-03-31T15:32:37+08:00 ] 127.0.0.1 /Public/Js/jquery-1.7.2.min.js
INFO: [ app_init ] --START--
INFO: Run Behavior\BuildLiteBehavior [ RunTime:0.000011s ]
INFO: [ app_init ] --END-- [ RunTime:0.000069s ]
ERR: 无法加载模块:Public

[ 2020-03-31T15:32:39+08:00 ] 127.0.0.1 /Public/Js/jquery-1.7.2.min.js
INFO: [ app_init ] --START--
INFO: Run Behavior\BuildLiteBehavior [ RunTime:0.000011s ]
INFO: [ app_init ] --END-- [ RunTime:0.000068s ]
ERR: 无法加载模块:Public

[ 2020-03-31T15:33:35+08:00 ] 127.0.0.1 /Public/Js/jquery-1.7.2.min.js
INFO: [ app_init ] --START--
INFO: Run Behavior\BuildLiteBehavior [ RunTime:0.000011s ]
INFO: [ app_init ] --END-- [ RunTime:0.000068s ]
ERR: 无法加载模块:Public

[ 2020-03-31T15:33:38+08:00 ] 127.0.0.1 /Public/Js/jquery-1.7.2.min.js
INFO: [ app_init ] --START--
INFO: Run Behavior\BuildLiteBehavior [ RunTime:0.000011s ]
INFO: [ app_init ] --END-- [ RunTime:0.000068s ]
ERR: 无法加载模块:Public

[ 2020-03-31T15:33:40+08:00 ] 127.0.0.1 /Public/Js/jquery-1.7.2.min.js
INFO: [ app_init ] --START--
INFO: Run Behavior\BuildLiteBehavior [ RunTime:0.000012s ]
INFO: [ app_init ] --END-- [ RunTime:0.000071s ]
ERR: 无法加载模块:Public

[ 2020-03-31T15:33:42+08:00 ] 127.0.0.1 /Public/Js/jquery-1.7.2.min.js
INFO: [ app_init ] --START--
INFO: Run Behavior\BuildLiteBehavior [ RunTime:0.000012s ]
INFO: [ app_init ] --END-- [ RunTime:0.000067s ]
ERR: 无法加载模块:Public

[ 2020-03-31T15:34:41+08:00 ] 127.0.0.1 /Public/Js/jquery-1.7.2.min.js
INFO: [ app_init ] --START--
INFO: Run Behavior\BuildLiteBehavior [ RunTime:0.000012s ]
INFO: [ app_init ] --END-- [ RunTime:0.000073s ]
ERR: 无法加载模块:Public

[ 2020-03-31T15:34:45+08:00 ] 127.0.0.1 /Public/Js/jquery-1.7.2.min.js
INFO: [ app_init ] --START--
INFO: Run Behavior\BuildLiteBehavior [ RunTime:0.000012s ]
INFO: [ app_init ] --END-- [ RunTime:0.000068s ]
ERR: 无法加载模块:Public

[ 2020-03-31T15:34:48+08:00 ] 127.0.0.1 /Public/Js/jquery-1.7.2.min.js
INFO: [ app_init ] --START--
INFO: Run Behavior\BuildLiteBehavior [ RunTime:0.000013s ]
INFO: [ app_init ] --END-- [ RunTime:0.000108s ]
ERR: 无法加载模块:Public

[ 2020-03-31T15:34:50+08:00 ] 127.0.0.1 /Public/Js/jquery-1.7.2.min.js
INFO: [ app_init ] --START--
INFO: Run Behavior\BuildLiteBehavior [ RunTime:0.000013s ]
INFO: [ app_init ] --END-- [ RunTime:0.000068s ]
ERR: 无法加载模块:Public

[ 2020-03-31T15:34:55+08:00 ] 127.0.0.1 /Public/Js/jquery-1.7.2.min.js
INFO: [ app_init ] --START--
INFO: Run Behavior\BuildLiteBehavior [ RunTime:0.000012s ]
INFO: [ app_init ] --END-- [ RunTime:0.000108s ]
ERR: 无法加载模块:Public

[ 2020-03-31T15:34:57+08:00 ] 127.0.0.1 /Public/Js/jquery-1.7.2.min.js
INFO: [ app_init ] --START--
INFO: Run Behavior\BuildLiteBehavior [ RunTime:0.000012s ]
INFO: [ app_init ] --END-- [ RunTime:0.000070s ]
ERR: 无法加载模块:Public

[ 2020-03-31T15:35:00+08:00 ] 127.0.0.1 /Public/Js/jquery-1.7.2.min.js
INFO: [ app_init ] --START--
INFO: Run Behavior\BuildLiteBehavior [ RunTime:0.000014s ]
INFO: [ app_init ] --END-- [ RunTime:0.000082s ]
ERR: 无法加载模块:Public

[ 2020-03-31T15:35:21+08:00 ] 127.0.0.1 /Public/Js/jquery-1.7.2.min.js
INFO: [ app_init ] --START--
INFO: Run Behavior\BuildLiteBehavior [ RunTime:0.000011s ]
INFO: [ app_init ] --END-- [ RunTime:0.000068s ]
ERR: 无法加载模块:Public

[ 2020-03-31T15:35:24+08:00 ] 127.0.0.1 /Public/Js/jquery-1.7.2.min.js
INFO: [ app_init ] --START--
INFO: Run Behavior\BuildLiteBehavior [ RunTime:0.000017s ]
INFO: [ app_init ] --END-- [ RunTime:0.000094s ]
ERR: 无法加载模块:Public

[ 2020-03-31T15:35:30+08:00 ] 127.0.0.1 /Public/Js/jquery-1.7.2.min.js
INFO: [ app_init ] --START--
INFO: Run Behavior\BuildLiteBehavior [ RunTime:0.000011s ]
INFO: [ app_init ] --END-- [ RunTime:0.000069s ]
ERR: 无法加载模块:Public

[ 2020-03-31T15:35:33+08:00 ] 127.0.0.1 /Public/Js/jquery-1.7.2.min.js
INFO: [ app_init ] --START--
INFO: Run Behavior\BuildLiteBehavior [ RunTime:0.000012s ]
INFO: [ app_init ] --END-- [ RunTime:0.000088s ]
ERR: 无法加载模块:Public

[ 2020-03-31T15:48:12+08:00 ] 127.0.0.1 /Public/Js/jquery-1.7.2.min.js
INFO: [ app_init ] --START--
INFO: Run Behavior\BuildLiteBehavior [ RunTime:0.000012s ]
INFO: [ app_init ] --END-- [ RunTime:0.000069s ]
ERR: 无法加载模块:Public

[ 2020-03-31T15:48:14+08:00 ] 127.0.0.1 /Public/Js/jquery-1.7.2.min.js
INFO: [ app_init ] --START--
INFO: Run Behavior\BuildLiteBehavior [ RunTime:0.000011s ]
INFO: [ app_init ] --END-- [ RunTime:0.000068s ]
ERR: 无法加载模块:Public

[ 2020-03-31T15:48:40+08:00 ] 127.0.0.1 /Public/Js/jquery-1.7.2.min.js
INFO: [ app_init ] --START--
INFO: Run Behavior\BuildLiteBehavior [ RunTime:0.000013s ]
INFO: [ app_init ] --END-- [ RunTime:0.000106s ]
ERR: 无法加载模块:Public

[ 2020-03-31T15:48:49+08:00 ] 127.0.0.1 /Public/Js/jquery-1.7.2.min.js
INFO: [ app_init ] --START--
INFO: Run Behavior\BuildLiteBehavior [ RunTime:0.000012s ]
INFO: [ app_init ] --END-- [ RunTime:0.000072s ]
ERR: 无法加载模块:Public

[ 2020-03-31T15:48:54+08:00 ] 127.0.0.1 /Public/Js/jquery-1.7.2.min.js
INFO: [ app_init ] --START--
INFO: Run Behavior\BuildLiteBehavior [ RunTime:0.000012s ]
INFO: [ app_init ] --END-- [ RunTime:0.000069s ]
ERR: 无法加载模块:Public

[ 2020-03-31T15:48:57+08:00 ] 127.0.0.1 /Public/Js/jquery-1.7.2.min.js
INFO: [ app_init ] --START--
INFO: Run Behavior\BuildLiteBehavior [ RunTime:0.000012s ]
INFO: [ app_init ] --END-- [ RunTime:0.000069s ]
ERR: 无法加载模块:Public

[ 2020-03-31T15:49:56+08:00 ] 127.0.0.1 /Public/Js/jquery-1.7.2.min.js
INFO: [ app_init ] --START--
INFO: Run Behavior\BuildLiteBehavior [ RunTime:0.000012s ]
INFO: [ app_init ] --END-- [ RunTime:0.000068s ]
ERR: 无法加载模块:Public

[ 2020-03-31T15:50:03+08:00 ] 127.0.0.1 /Public/Js/jquery-1.7.2.min.js
INFO: [ app_init ] --START--
INFO: Run Behavior\BuildLiteBehavior [ RunTime:0.000012s ]
INFO: [ app_init ] --END-- [ RunTime:0.000072s ]
ERR: 无法加载模块:Public

[ 2020-03-31T15:50:06+08:00 ] 127.0.0.1 /Public/Js/jquery-1.7.2.min.js
INFO: [ app_init ] --START--
INFO: Run Behavior\BuildLiteBehavior [ RunTime:0.000012s ]
INFO: [ app_init ] --END-- [ RunTime:0.000067s ]
ERR: 无法加载模块:Public

[ 2020-03-31T15:54:17+08:00 ] 127.0.0.1 /Public/Js/jquery-1.7.2.min.js
INFO: [ app_init ] --START--
INFO: Run Behavior\BuildLiteBehavior [ RunTime:0.000014s ]
INFO: [ app_init ] --END-- [ RunTime:0.000079s ]
ERR: 无法加载模块:Public

[ 2020-03-31T16:41:55+08:00 ] 127.0.0.1 /Public/Js/jquery-1.7.2.min.js
INFO: [ app_init ] --START--
INFO: Run Behavior\BuildLiteBehavior [ RunTime:0.000012s ]
INFO: [ app_init ] --END-- [ RunTime:0.000068s ]
ERR: 无法加载模块:Public

[ 2020-03-31T16:42:01+08:00 ] 127.0.0.1 /Public/Js/jquery-1.7.2.min.js
INFO: [ app_init ] --START--
INFO: Run Behavior\BuildLiteBehavior [ RunTime:0.000012s ]
INFO: [ app_init ] --END-- [ RunTime:0.000071s ]
ERR: 无法加载模块:Public

[ 2020-03-31T16:43:32+08:00 ] 127.0.0.1 /Public/Js/jquery-1.7.2.min.js
INFO: [ app_init ] --START--
INFO: Run Behavior\BuildLiteBehavior [ RunTime:0.000012s ]
INFO: [ app_init ] --END-- [ RunTime:0.000069s ]
ERR: 无法加载模块:Public

[ 2020-03-31T16:49:03+08:00 ] 127.0.0.1 /Public/Js/jquery-1.7.2.min.js
INFO: [ app_init ] --START--
INFO: Run Behavior\BuildLiteBehavior [ RunTime:0.000012s ]
INFO: [ app_init ] --END-- [ RunTime:0.000068s ]
ERR: 无法加载模块:Public

[ 2020-03-31T16:49:06+08:00 ] 127.0.0.1 /Public/Js/jquery-1.7.2.min.js
INFO: [ app_init ] --START--
INFO: Run Behavior\BuildLiteBehavior [ RunTime:0.000011s ]
INFO: [ app_init ] --END-- [ RunTime:0.000070s ]
ERR: 无法加载模块:Public

[ 2020-03-31T16:49:12+08:00 ] 127.0.0.1 /Public/Js/jquery-1.7.2.min.js
INFO: [ app_init ] --START--
INFO: Run Behavior\BuildLiteBehavior [ RunTime:0.000014s ]
INFO: [ app_init ] --END-- [ RunTime:0.000071s ]
ERR: 无法加载模块:Public

[ 2020-03-31T16:49:15+08:00 ] 127.0.0.1 /Public/Js/jquery-1.7.2.min.js
INFO: [ app_init ] --START--
INFO: Run Behavior\BuildLiteBehavior [ RunTime:0.000011s ]
INFO: [ app_init ] --END-- [ RunTime:0.000068s ]
ERR: 无法加载模块:Public

[ 2020-03-31T16:49:18+08:00 ] 127.0.0.1 /Public/Js/jquery-1.7.2.min.js
INFO: [ app_init ] --START--
INFO: Run Behavior\BuildLiteBehavior [ RunTime:0.000012s ]
INFO: [ app_init ] --END-- [ RunTime:0.000069s ]
ERR: 无法加载模块:Public

[ 2020-03-31T16:49:21+08:00 ] 127.0.0.1 /Public/Js/jquery-1.7.2.min.js
INFO: [ app_init ] --START--
INFO: Run Behavior\BuildLiteBehavior [ RunTime:0.000012s ]
INFO: [ app_init ] --END-- [ RunTime:0.000075s ]
ERR: 无法加载模块:Public

[ 2020-03-31T16:56:52+08:00 ] 127.0.0.1 /Public/Js/jquery-1.7.2.min.js
INFO: [ app_init ] --START--
INFO: Run Behavior\BuildLiteBehavior [ RunTime:0.000015s ]
INFO: [ app_init ] --END-- [ RunTime:0.000083s ]
ERR: 无法加载模块:Public

[ 2020-03-31T17:54:17+08:00 ] 127.0.0.1 /Public/Js/jquery-1.7.2.min.js
INFO: [ app_init ] --START--
INFO: Run Behavior\BuildLiteBehavior [ RunTime:0.000011s ]
INFO: [ app_init ] --END-- [ RunTime:0.000069s ]
ERR: 无法加载模块:Public

[ 2020-03-31T17:54:46+08:00 ] 127.0.0.1 /Public/Js/jquery-1.7.2.min.js
INFO: [ app_init ] --START--
INFO: Run Behavior\BuildLiteBehavior [ RunTime:0.000011s ]
INFO: [ app_init ] --END-- [ RunTime:0.000069s ]
ERR: 无法加载模块:Public

[ 2020-03-31T17:57:28+08:00 ] 127.0.0.1 /Public/Js/jquery-1.7.2.min.js
INFO: [ app_init ] --START--
INFO: Run Behavior\BuildLiteBehavior [ RunTime:0.000012s ]
INFO: [ app_init ] --END-- [ RunTime:0.000068s ]
ERR: 无法加载模块:Public

