[ 2020-05-10T11:16:39+08:00 ] 127.0.0.1 /carshop/index.php/css/common.css
INFO: [ app_init ] --START--
INFO: Run Behavior\BuildLiteBehavior [ RunTime:0.000020s ]
INFO: [ app_init ] --END-- [ RunTime:0.000473s ]
ERR: æ— æ³•åŠ è½½æ¨¡å—:Css

[ 2020-05-10T11:16:39+08:00 ] 127.0.0.1 /carshop/index.php/css/main.css
INFO: [ app_init ] --START--
INFO: Run Behavior\BuildLiteBehavior [ RunTime:0.000022s ]
INFO: [ app_init ] --END-- [ RunTime:0.000468s ]
ERR: æ— æ³•åŠ è½½æ¨¡å—:Css

¡å—:Js

[ 2020-05-10T11:17:56+08:00 ] 127.0.0.1 /carshop/index.php/js/libs/modernizr.min.js
INFO: [ app_init ] --START--
INFO: Run Behavior\BuildLiteBehavior [ RunTime:0.000028s ]
INFO: [ app_init ] --END-- [ RunTime:0.000382s ]
ERR: æ— æ³•åŠ è½½æ¨¡å—:Js

[ 2020-05-10T11:18:35+08:00 ] 127.0.0.1 /carshop/index.php/index.html
INFO: [ app_init ] --START--
INFO: Run Behavior\BuildLiteBehavior [ RunTime:0.000023s ]
INFO: [ app_init ] --END-- [ RunTime:0.000377s ]
ERR: æ— æ³•åŠ è½½æ¨¡å—:Index

[ 2020-05-10T11:18:55+08:00 ] 127.0.0.1 /carshop/index.php/design.html
INFO: [ app_init ] --START--
INFO: Run Behavior\BuildLiteBehavior [ RunTime:0.000027s ]
INFO: [ app_init ] --END-- [ RunTime:0.000352s ]
ERR: æ— æ³•åŠ è½½æ¨¡å—:Design

[ 2020-05-10T12:42:35+08:00 ] 127.0.0.1 /carshop/index.php/admin/category
INFO: [ app_init ] --START--
INFO: Run Behavior\BuildLiteBehavior [ RunTime:0.000024s ]
INFO: [ app_init ] --END-- [ RunTime:0.000428s ]
ERR: æ— æ³•åŠ è½½æ¨¡å—:Carshop

[ 2020-05-10T12:42:51+08:00 ] 127.0.0.1 /carshop/
INFO: [ app_init ] --START--
INFO: Run Behavior\BuildLiteBehavior [ RunTime:0.000020s ]
INFO: [ app_init ] --END-- [ RunTime:0.000375s ]
ERR: æ— æ³•åŠ è½½æ¨¡å—:Carshop

[ 2020-05-10T15:46:49+08:00 ] 127.0.0.1 /js/Public/admin/css/admin
INFO: [ app_init ] --START--
INFO: Run Behavior\BuildLiteBehavior [ RunTime:0.000019s ]
INFO: [ app_init ] --END-- [ RunTime:0.000304s ]
ERR: æ— æ³•åŠ è½½æ¨¡å—:Js

